2024-07-16 07:10:29,016 [WARNING] django.request: Not Found: /
2024-07-16 07:13:57,785 [INFO] django.utils.autoreload: Watching for file changes with StatReloader
2024-07-16 07:34:22,223 [INFO] django.utils.autoreload: C:\Users\BIRZHAN\PycharmProjects\python_django\mysite\mysite\settings.py changed, reloading.
2024-07-16 07:34:25,064 [INFO] django.utils.autoreload: Watching for file changes with StatReloader
2024-07-16 07:34:56,299 [INFO] django.utils.autoreload: C:\Users\BIRZHAN\PycharmProjects\python_django\mysite\mysite\settings.py changed, reloading.
2024-07-16 07:34:58,142 [INFO] django.utils.autoreload: Watching for file changes with StatReloader
2024-07-16 07:35:03,001 [INFO] django.utils.autoreload: C:\Users\BIRZHAN\PycharmProjects\python_django\mysite\mysite\settings.py changed, reloading.
2024-07-16 07:35:04,372 [INFO] django.utils.autoreload: Watching for file changes with StatReloader
2024-07-16 07:35:09,815 [INFO] django.utils.autoreload: C:\Users\BIRZHAN\PycharmProjects\python_django\mysite\mysite\settings.py changed, reloading.
2024-07-16 07:35:12,350 [INFO] django.utils.autoreload: Watching for file changes with StatReloader
2024-07-16 07:35:50,668 [INFO] django.utils.autoreload: C:\Users\BIRZHAN\PycharmProjects\python_django\mysite\mysite\settings.py changed, reloading.
2024-07-16 07:35:52,196 [INFO] django.utils.autoreload: Watching for file changes with StatReloader
2024-07-16 07:41:36,472 [INFO] django.utils.autoreload: Watching for file changes with StatReloader
2024-07-16 07:42:44,603 [INFO] django.utils.autoreload: C:\Users\BIRZHAN\PycharmProjects\python_django\mysite\mysite\settings.py changed, reloading.
2024-07-16 07:42:45,539 [INFO] django.utils.autoreload: Watching for file changes with StatReloader
2024-07-16 07:44:30,033 [INFO] django.utils.autoreload: C:\Users\BIRZHAN\PycharmProjects\python_django\mysite\mysite\settings.py changed, reloading.
2024-07-16 07:44:31,292 [INFO] django.utils.autoreload: Watching for file changes with StatReloader
2024-07-17 21:06:11,084 [INFO] django.utils.autoreload: Watching for file changes with StatReloader
2024-07-17 21:06:17,567 [WARNING] django.request: Not Found: /
2024-07-17 21:06:18,151 [WARNING] django.request: Not Found: /favicon.ico
2024-07-17 21:18:32,659 [INFO] django.utils.autoreload: C:\Users\BIRZHAN\PycharmProjects\python_django\mysite\mysite\settings.py changed, reloading.
2024-07-17 21:18:36,130 [INFO] django.utils.autoreload: Watching for file changes with StatReloader
2024-07-17 21:19:05,866 [INFO] django.utils.autoreload: C:\Users\BIRZHAN\PycharmProjects\python_django\mysite\mysite\settings.py changed, reloading.
2024-07-17 21:19:07,292 [INFO] django.utils.autoreload: Watching for file changes with StatReloader
2024-07-17 21:19:15,884 [INFO] django.utils.autoreload: C:\Users\BIRZHAN\PycharmProjects\python_django\mysite\mysite\settings.py changed, reloading.
2024-07-17 21:19:17,877 [INFO] django.utils.autoreload: Watching for file changes with StatReloader
2024-07-17 21:19:56,609 [INFO] django.utils.autoreload: C:\Users\BIRZHAN\PycharmProjects\python_django\mysite\shopapp\views.py changed, reloading.
2024-07-17 21:19:59,572 [INFO] django.utils.autoreload: Watching for file changes with StatReloader
2024-07-17 21:21:26,093 [INFO] django.utils.autoreload: C:\Users\BIRZHAN\PycharmProjects\python_django\mysite\shopapp\views.py changed, reloading.
2024-07-17 21:21:32,879 [INFO] django.utils.autoreload: Watching for file changes with StatReloader
2024-07-17 21:21:41,657 [INFO] django.utils.autoreload: C:\Users\BIRZHAN\PycharmProjects\python_django\mysite\shopapp\views.py changed, reloading.
2024-07-17 21:21:47,343 [INFO] django.utils.autoreload: Watching for file changes with StatReloader
2024-07-17 21:21:52,951 [INFO] django.utils.autoreload: C:\Users\BIRZHAN\PycharmProjects\python_django\mysite\shopapp\views.py changed, reloading.
2024-07-17 21:21:56,173 [INFO] django.utils.autoreload: Watching for file changes with StatReloader
2024-07-17 21:22:03,860 [INFO] django.utils.autoreload: C:\Users\BIRZHAN\PycharmProjects\python_django\mysite\shopapp\views.py changed, reloading.
2024-07-17 21:22:09,503 [INFO] django.utils.autoreload: Watching for file changes with StatReloader
2024-07-17 21:22:20,866 [INFO] django.utils.autoreload: C:\Users\BIRZHAN\PycharmProjects\python_django\mysite\shopapp\views.py changed, reloading.
2024-07-17 21:22:24,889 [INFO] django.utils.autoreload: Watching for file changes with StatReloader
2024-07-17 21:22:36,611 [INFO] django.utils.autoreload: C:\Users\BIRZHAN\PycharmProjects\python_django\mysite\shopapp\views.py changed, reloading.
2024-07-17 21:22:42,457 [INFO] django.utils.autoreload: Watching for file changes with StatReloader
2024-07-18 08:05:01,842 [INFO] django.utils.autoreload: Watching for file changes with StatReloader
2024-07-18 08:05:07,154 [WARNING] django.request: Not Found: /
2024-07-18 08:05:07,639 [WARNING] django.request: Not Found: /favicon.ico
2024-07-18 08:12:33,178 [INFO] django.utils.autoreload: C:\Users\BIRZHAN\PycharmProjects\python_django\mysite\shopapp\admin.py changed, reloading.
2024-07-18 08:12:34,351 [INFO] django.utils.autoreload: Watching for file changes with StatReloader
2024-07-18 08:13:08,738 [INFO] django.utils.autoreload: C:\Users\BIRZHAN\PycharmProjects\python_django\mysite\shopapp\admin.py changed, reloading.
2024-07-18 08:13:09,944 [INFO] django.utils.autoreload: Watching for file changes with StatReloader
2024-07-18 08:13:22,268 [INFO] django.utils.autoreload: C:\Users\BIRZHAN\PycharmProjects\python_django\mysite\shopapp\admin.py changed, reloading.
2024-07-18 08:13:23,399 [INFO] django.utils.autoreload: Watching for file changes with StatReloader
2024-07-18 08:13:36,330 [INFO] django.utils.autoreload: C:\Users\BIRZHAN\PycharmProjects\python_django\mysite\shopapp\admin.py changed, reloading.
2024-07-18 08:13:38,143 [INFO] django.utils.autoreload: Watching for file changes with StatReloader
2024-07-18 08:13:43,711 [INFO] django.utils.autoreload: C:\Users\BIRZHAN\PycharmProjects\python_django\mysite\shopapp\admin.py changed, reloading.
2024-07-18 08:13:45,994 [INFO] django.utils.autoreload: Watching for file changes with StatReloader
2024-07-18 08:15:38,680 [INFO] django.utils.autoreload: Watching for file changes with StatReloader
2024-07-18 08:18:10,614 [INFO] django.utils.autoreload: C:\Users\BIRZHAN\PycharmProjects\python_django\mysite\shopapp\admin.py changed, reloading.
2024-07-18 08:18:12,243 [INFO] django.utils.autoreload: Watching for file changes with StatReloader
2024-07-18 08:18:14,472 [ERROR] django.request: Internal Server Error: /admin/shopapp/product/
Traceback (most recent call last):
  File "C:\Users\BIRZHAN\AppData\Local\Packages\PythonSoftwareFoundation.Python.3.11_qbz5n2kfra8p0\LocalCache\local-packages\Python311\site-packages\django\core\handlers\exception.py", line 55, in inner
    response = get_response(request)
               ^^^^^^^^^^^^^^^^^^^^^
  File "C:\Users\BIRZHAN\AppData\Local\Packages\PythonSoftwareFoundation.Python.3.11_qbz5n2kfra8p0\LocalCache\local-packages\Python311\site-packages\django\core\handlers\base.py", line 220, in _get_response
    response = response.render()
               ^^^^^^^^^^^^^^^^^
  File "C:\Users\BIRZHAN\AppData\Local\Packages\PythonSoftwareFoundation.Python.3.11_qbz5n2kfra8p0\LocalCache\local-packages\Python311\site-packages\django\template\response.py", line 114, in render
    self.content = self.rendered_content
                   ^^^^^^^^^^^^^^^^^^^^^
  File "C:\Users\BIRZHAN\AppData\Local\Packages\PythonSoftwareFoundation.Python.3.11_qbz5n2kfra8p0\LocalCache\local-packages\Python311\site-packages\sentry_sdk\integrations\django\templates.py", line 73, in rendered_content
    return real_rendered_content.fget(self)
           ^^^^^^^^^^^^^^^^^^^^^^^^^^^^^^^^
  File "C:\Users\BIRZHAN\AppData\Local\Packages\PythonSoftwareFoundation.Python.3.11_qbz5n2kfra8p0\LocalCache\local-packages\Python311\site-packages\django\template\response.py", line 90, in rendered_content
    template = self.resolve_template(self.template_name)
               ^^^^^^^^^^^^^^^^^^^^^^^^^^^^^^^^^^^^^^^^^
  File "C:\Users\BIRZHAN\AppData\Local\Packages\PythonSoftwareFoundation.Python.3.11_qbz5n2kfra8p0\LocalCache\local-packages\Python311\site-packages\django\template\response.py", line 74, in resolve_template
    return get_template(template, using=self.using)
           ^^^^^^^^^^^^^^^^^^^^^^^^^^^^^^^^^^^^^^^^
  File "C:\Users\BIRZHAN\AppData\Local\Packages\PythonSoftwareFoundation.Python.3.11_qbz5n2kfra8p0\LocalCache\local-packages\Python311\site-packages\django\template\loader.py", line 19, in get_template
    raise TemplateDoesNotExist(template_name, chain=chain)
django.template.exceptions.TemplateDoesNotExist: shopapp/products_changelist.html
2024-07-18 08:25:57,349 [INFO] django.utils.autoreload: C:\Users\BIRZHAN\PycharmProjects\python_django\mysite\shopapp\admin.py changed, reloading.
2024-07-18 08:25:58,961 [INFO] django.utils.autoreload: Watching for file changes with StatReloader
2024-07-18 08:33:39,882 [WARNING] urllib3.connectionpool: Retrying (Retry(total=2, connect=None, read=None, redirect=None, status=None)) after connection broken by 'ConnectTimeoutError(<urllib3.connection.HTTPSConnection object at 0x0000012E51446150>, 'Connection to o4507618030321664.ingest.us.sentry.io timed out. (connect timeout=None)')': /api/4507618036678656/envelope/
2024-07-18 08:34:00,927 [WARNING] urllib3.connectionpool: Retrying (Retry(total=1, connect=None, read=None, redirect=None, status=None)) after connection broken by 'ConnectTimeoutError(<urllib3.connection.HTTPSConnection object at 0x0000012E5104FA50>, 'Connection to o4507618030321664.ingest.us.sentry.io timed out. (connect timeout=None)')': /api/4507618036678656/envelope/
2024-07-18 08:34:21,968 [WARNING] urllib3.connectionpool: Retrying (Retry(total=0, connect=None, read=None, redirect=None, status=None)) after connection broken by 'ConnectTimeoutError(<urllib3.connection.HTTPSConnection object at 0x0000012E50F8EA90>, 'Connection to o4507618030321664.ingest.us.sentry.io timed out. (connect timeout=None)')': /api/4507618036678656/envelope/
2024-07-18 20:13:37,846 [INFO] django.utils.autoreload: Watching for file changes with StatReloader
2024-07-18 20:13:49,903 [WARNING] django.request: Not Found: /
2024-07-18 20:13:50,361 [WARNING] django.request: Not Found: /favicon.ico
2024-07-18 20:18:38,486 [INFO] django.utils.autoreload: C:\Users\BIRZHAN\PycharmProjects\python_django\mysite\shopapp\admin.py changed, reloading.
2024-07-18 20:18:41,006 [INFO] django.utils.autoreload: Watching for file changes with StatReloader
2024-07-18 20:19:16,586 [INFO] django.utils.autoreload: C:\Users\BIRZHAN\PycharmProjects\python_django\mysite\shopapp\admin.py changed, reloading.
2024-07-18 20:19:20,031 [INFO] django.utils.autoreload: Watching for file changes with StatReloader
2024-07-18 20:19:38,285 [INFO] django.utils.autoreload: C:\Users\BIRZHAN\PycharmProjects\python_django\mysite\shopapp\admin.py changed, reloading.
2024-07-18 20:19:39,618 [INFO] django.utils.autoreload: Watching for file changes with StatReloader
2024-07-18 20:22:12,594 [INFO] django.utils.autoreload: C:\Users\BIRZHAN\PycharmProjects\python_django\mysite\shopapp\admin.py changed, reloading.
2024-07-18 20:22:14,868 [INFO] django.utils.autoreload: Watching for file changes with StatReloader
2024-07-18 20:22:50,934 [INFO] django.utils.autoreload: C:\Users\BIRZHAN\PycharmProjects\python_django\mysite\shopapp\admin.py changed, reloading.
2024-07-18 20:22:52,169 [INFO] django.utils.autoreload: Watching for file changes with StatReloader
2024-07-18 20:27:57,727 [INFO] django.utils.autoreload: C:\Users\BIRZHAN\PycharmProjects\python_django\mysite\shopapp\admin.py changed, reloading.
2024-07-18 20:27:59,311 [INFO] django.utils.autoreload: Watching for file changes with StatReloader
2024-07-18 20:28:12,053 [INFO] django.utils.autoreload: C:\Users\BIRZHAN\PycharmProjects\python_django\mysite\shopapp\admin.py changed, reloading.
2024-07-18 20:28:13,171 [INFO] django.utils.autoreload: Watching for file changes with StatReloader
2024-07-18 20:28:29,214 [INFO] django.utils.autoreload: C:\Users\BIRZHAN\PycharmProjects\python_django\mysite\shopapp\admin.py changed, reloading.
2024-07-18 20:28:30,298 [INFO] django.utils.autoreload: Watching for file changes with StatReloader
2024-07-18 20:28:40,712 [INFO] django.utils.autoreload: C:\Users\BIRZHAN\PycharmProjects\python_django\mysite\shopapp\admin.py changed, reloading.
2024-07-18 20:28:42,631 [INFO] django.utils.autoreload: Watching for file changes with StatReloader
2024-07-18 20:28:55,346 [INFO] django.utils.autoreload: C:\Users\BIRZHAN\PycharmProjects\python_django\mysite\shopapp\admin.py changed, reloading.
2024-07-18 20:28:56,617 [INFO] django.utils.autoreload: Watching for file changes with StatReloader
2024-07-18 20:29:02,879 [INFO] django.utils.autoreload: C:\Users\BIRZHAN\PycharmProjects\python_django\mysite\shopapp\admin.py changed, reloading.
2024-07-18 20:29:04,871 [INFO] django.utils.autoreload: Watching for file changes with StatReloader
2024-07-18 20:29:14,585 [INFO] django.utils.autoreload: C:\Users\BIRZHAN\PycharmProjects\python_django\mysite\shopapp\admin.py changed, reloading.
2024-07-18 20:29:16,126 [INFO] django.utils.autoreload: Watching for file changes with StatReloader
2024-07-18 20:29:26,307 [INFO] django.utils.autoreload: C:\Users\BIRZHAN\PycharmProjects\python_django\mysite\shopapp\admin.py changed, reloading.
2024-07-18 20:29:30,216 [INFO] django.utils.autoreload: Watching for file changes with StatReloader
2024-07-18 20:29:45,192 [INFO] django.utils.autoreload: C:\Users\BIRZHAN\PycharmProjects\python_django\mysite\shopapp\admin.py changed, reloading.
2024-07-18 20:29:47,857 [INFO] django.utils.autoreload: Watching for file changes with StatReloader
2024-07-18 20:29:52,237 [INFO] django.utils.autoreload: C:\Users\BIRZHAN\PycharmProjects\python_django\mysite\shopapp\admin.py changed, reloading.
2024-07-18 20:29:53,950 [INFO] django.utils.autoreload: Watching for file changes with StatReloader
2024-07-18 20:30:00,105 [INFO] django.utils.autoreload: C:\Users\BIRZHAN\PycharmProjects\python_django\mysite\shopapp\admin.py changed, reloading.
2024-07-18 20:30:01,462 [INFO] django.utils.autoreload: Watching for file changes with StatReloader
2024-07-18 20:30:06,043 [INFO] django.utils.autoreload: C:\Users\BIRZHAN\PycharmProjects\python_django\mysite\shopapp\admin.py changed, reloading.
2024-07-18 20:30:08,891 [INFO] django.utils.autoreload: Watching for file changes with StatReloader
2024-07-18 20:30:13,116 [INFO] django.utils.autoreload: C:\Users\BIRZHAN\PycharmProjects\python_django\mysite\shopapp\admin.py changed, reloading.
2024-07-18 20:30:15,762 [INFO] django.utils.autoreload: Watching for file changes with StatReloader
2024-07-18 20:30:41,177 [INFO] django.utils.autoreload: C:\Users\BIRZHAN\PycharmProjects\python_django\mysite\shopapp\admin.py changed, reloading.
2024-07-18 20:30:43,207 [INFO] django.utils.autoreload: Watching for file changes with StatReloader
2024-07-18 20:30:49,390 [INFO] django.utils.autoreload: C:\Users\BIRZHAN\PycharmProjects\python_django\mysite\shopapp\admin.py changed, reloading.
2024-07-18 20:30:52,420 [INFO] django.utils.autoreload: Watching for file changes with StatReloader
2024-07-18 20:31:03,762 [INFO] django.utils.autoreload: C:\Users\BIRZHAN\PycharmProjects\python_django\mysite\shopapp\admin.py changed, reloading.
2024-07-18 20:31:06,037 [INFO] django.utils.autoreload: Watching for file changes with StatReloader
2024-07-18 20:31:19,801 [INFO] django.utils.autoreload: C:\Users\BIRZHAN\PycharmProjects\python_django\mysite\shopapp\admin.py changed, reloading.
2024-07-18 20:31:22,087 [INFO] django.utils.autoreload: Watching for file changes with StatReloader
2024-07-18 20:31:28,872 [INFO] django.utils.autoreload: C:\Users\BIRZHAN\PycharmProjects\python_django\mysite\shopapp\admin.py changed, reloading.
2024-07-18 20:31:30,818 [INFO] django.utils.autoreload: Watching for file changes with StatReloader
2024-07-18 20:31:33,427 [INFO] django.utils.autoreload: C:\Users\BIRZHAN\PycharmProjects\python_django\mysite\shopapp\admin.py changed, reloading.
2024-07-18 20:31:35,242 [INFO] django.utils.autoreload: Watching for file changes with StatReloader
2024-07-18 20:32:00,840 [INFO] django.utils.autoreload: C:\Users\BIRZHAN\PycharmProjects\python_django\mysite\shopapp\admin.py changed, reloading.
2024-07-18 20:32:03,294 [INFO] django.utils.autoreload: Watching for file changes with StatReloader
2024-07-18 20:32:50,428 [INFO] django.utils.autoreload: C:\Users\BIRZHAN\PycharmProjects\python_django\mysite\shopapp\admin.py changed, reloading.
2024-07-18 20:32:52,306 [INFO] django.utils.autoreload: Watching for file changes with StatReloader
2024-07-18 20:33:01,457 [INFO] django.utils.autoreload: C:\Users\BIRZHAN\PycharmProjects\python_django\mysite\shopapp\admin.py changed, reloading.
2024-07-18 20:33:02,677 [INFO] django.utils.autoreload: Watching for file changes with StatReloader
2024-07-18 20:33:09,920 [INFO] django.utils.autoreload: C:\Users\BIRZHAN\PycharmProjects\python_django\mysite\shopapp\admin.py changed, reloading.
2024-07-18 20:33:11,442 [INFO] django.utils.autoreload: Watching for file changes with StatReloader
2024-07-18 20:33:18,564 [INFO] django.utils.autoreload: C:\Users\BIRZHAN\PycharmProjects\python_django\mysite\shopapp\admin.py changed, reloading.
2024-07-18 20:33:20,013 [INFO] django.utils.autoreload: Watching for file changes with StatReloader
2024-07-18 20:33:27,237 [INFO] django.utils.autoreload: C:\Users\BIRZHAN\PycharmProjects\python_django\mysite\shopapp\admin.py changed, reloading.
2024-07-18 20:33:29,908 [INFO] django.utils.autoreload: Watching for file changes with StatReloader
2024-07-18 20:33:32,754 [INFO] django.utils.autoreload: C:\Users\BIRZHAN\PycharmProjects\python_django\mysite\shopapp\admin.py changed, reloading.
2024-07-18 20:33:34,244 [INFO] django.utils.autoreload: Watching for file changes with StatReloader
2024-07-18 20:34:21,353 [INFO] django.utils.autoreload: C:\Users\BIRZHAN\PycharmProjects\python_django\mysite\shopapp\admin.py changed, reloading.
2024-07-18 20:34:24,182 [INFO] django.utils.autoreload: Watching for file changes with StatReloader
2024-07-18 20:34:36,192 [INFO] django.utils.autoreload: C:\Users\BIRZHAN\PycharmProjects\python_django\mysite\shopapp\admin.py changed, reloading.
2024-07-18 20:34:39,628 [INFO] django.utils.autoreload: Watching for file changes with StatReloader
2024-07-18 20:35:02,005 [INFO] django.utils.autoreload: C:\Users\BIRZHAN\PycharmProjects\python_django\mysite\shopapp\admin.py changed, reloading.
2024-07-18 20:35:03,526 [INFO] django.utils.autoreload: Watching for file changes with StatReloader
2024-07-18 20:35:25,711 [INFO] django.utils.autoreload: C:\Users\BIRZHAN\PycharmProjects\python_django\mysite\shopapp\admin.py changed, reloading.
2024-07-18 20:35:27,552 [INFO] django.utils.autoreload: Watching for file changes with StatReloader
2024-07-18 20:35:57,819 [INFO] django.utils.autoreload: C:\Users\BIRZHAN\PycharmProjects\python_django\mysite\shopapp\admin.py changed, reloading.
2024-07-18 20:36:02,963 [INFO] django.utils.autoreload: Watching for file changes with StatReloader
2024-07-19 07:05:50,624 [INFO] django.utils.autoreload: Watching for file changes with StatReloader
2024-07-19 07:06:06,696 [INFO] django.utils.autoreload: C:\Users\BIRZHAN\PycharmProjects\python_django\mysite\shopapp\admin.py changed, reloading.
2024-07-19 07:06:11,063 [INFO] django.utils.autoreload: Watching for file changes with StatReloader
2024-07-19 07:06:21,523 [WARNING] django.request: Not Found: /favicon.ico
2024-07-19 07:06:41,111 [ERROR] django.request: Internal Server Error: /admin/shopapp/product/import-products-csv/
Traceback (most recent call last):
  File "C:\Users\BIRZHAN\AppData\Local\Packages\PythonSoftwareFoundation.Python.3.11_qbz5n2kfra8p0\LocalCache\local-packages\Python311\site-packages\django\core\handlers\exception.py", line 55, in inner
    response = get_response(request)
               ^^^^^^^^^^^^^^^^^^^^^
  File "C:\Users\BIRZHAN\AppData\Local\Packages\PythonSoftwareFoundation.Python.3.11_qbz5n2kfra8p0\LocalCache\local-packages\Python311\site-packages\django\core\handlers\base.py", line 197, in _get_response
    response = wrapped_callback(request, *callback_args, **callback_kwargs)
               ^^^^^^^^^^^^^^^^^^^^^^^^^^^^^^^^^^^^^^^^^^^^^^^^^^^^^^^^^^^^
  File "C:\Users\BIRZHAN\AppData\Local\Packages\PythonSoftwareFoundation.Python.3.11_qbz5n2kfra8p0\LocalCache\local-packages\Python311\site-packages\sentry_sdk\integrations\django\views.py", line 67, in sentry_wrapped_callback
    return callback(request, *args, **kwargs)
           ^^^^^^^^^^^^^^^^^^^^^^^^^^^^^^^^^^
  File "C:\Users\BIRZHAN\PycharmProjects\python_django\mysite\shopapp\admin.py", line 88, in import_csv
    products = [
               ^
  File "C:\Users\BIRZHAN\PycharmProjects\python_django\mysite\shopapp\admin.py", line 89, in <listcomp>
    Product(**row)
  File "C:\Users\BIRZHAN\AppData\Local\Packages\PythonSoftwareFoundation.Python.3.11_qbz5n2kfra8p0\LocalCache\local-packages\Python311\site-packages\django\db\models\base.py", line 567, in __init__
    raise TypeError(
TypeError: Product() got unexpected keyword arguments: ' description', ' price', ' discount'
2024-07-19 07:09:17,162 [ERROR] django.request: Internal Server Error: /admin/shopapp/product/import-products-csv/
Traceback (most recent call last):
  File "C:\Users\BIRZHAN\AppData\Local\Packages\PythonSoftwareFoundation.Python.3.11_qbz5n2kfra8p0\LocalCache\local-packages\Python311\site-packages\django\db\models\fields\__init__.py", line 1805, in to_python
    decimal_value = decimal.Decimal(value)
                    ^^^^^^^^^^^^^^^^^^^^^^
decimal.InvalidOperation: [<class 'decimal.ConversionSyntax'>]

During handling of the above exception, another exception occurred:

Traceback (most recent call last):
  File "C:\Users\BIRZHAN\AppData\Local\Packages\PythonSoftwareFoundation.Python.3.11_qbz5n2kfra8p0\LocalCache\local-packages\Python311\site-packages\django\core\handlers\exception.py", line 55, in inner
    response = get_response(request)
               ^^^^^^^^^^^^^^^^^^^^^
  File "C:\Users\BIRZHAN\AppData\Local\Packages\PythonSoftwareFoundation.Python.3.11_qbz5n2kfra8p0\LocalCache\local-packages\Python311\site-packages\django\core\handlers\base.py", line 197, in _get_response
    response = wrapped_callback(request, *callback_args, **callback_kwargs)
               ^^^^^^^^^^^^^^^^^^^^^^^^^^^^^^^^^^^^^^^^^^^^^^^^^^^^^^^^^^^^
  File "C:\Users\BIRZHAN\AppData\Local\Packages\PythonSoftwareFoundation.Python.3.11_qbz5n2kfra8p0\LocalCache\local-packages\Python311\site-packages\sentry_sdk\integrations\django\views.py", line 67, in sentry_wrapped_callback
    return callback(request, *args, **kwargs)
           ^^^^^^^^^^^^^^^^^^^^^^^^^^^^^^^^^^
  File "C:\Users\BIRZHAN\PycharmProjects\python_django\mysite\shopapp\admin.py", line 92, in import_csv
    Product.objects.bulk_create(products)
  File "C:\Users\BIRZHAN\AppData\Local\Packages\PythonSoftwareFoundation.Python.3.11_qbz5n2kfra8p0\LocalCache\local-packages\Python311\site-packages\django\db\models\manager.py", line 87, in manager_method
    return getattr(self.get_queryset(), name)(*args, **kwargs)
           ^^^^^^^^^^^^^^^^^^^^^^^^^^^^^^^^^^^^^^^^^^^^^^^^^^^
  File "C:\Users\BIRZHAN\AppData\Local\Packages\PythonSoftwareFoundation.Python.3.11_qbz5n2kfra8p0\LocalCache\local-packages\Python311\site-packages\django\db\models\query.py", line 835, in bulk_create
    returned_columns = self._batched_insert(
                       ^^^^^^^^^^^^^^^^^^^^^
  File "C:\Users\BIRZHAN\AppData\Local\Packages\PythonSoftwareFoundation.Python.3.11_qbz5n2kfra8p0\LocalCache\local-packages\Python311\site-packages\django\db\models\query.py", line 1875, in _batched_insert
    self._insert(
  File "C:\Users\BIRZHAN\AppData\Local\Packages\PythonSoftwareFoundation.Python.3.11_qbz5n2kfra8p0\LocalCache\local-packages\Python311\site-packages\django\db\models\query.py", line 1847, in _insert
    return query.get_compiler(using=using).execute_sql(returning_fields)
           ^^^^^^^^^^^^^^^^^^^^^^^^^^^^^^^^^^^^^^^^^^^^^^^^^^^^^^^^^^^^^
  File "C:\Users\BIRZHAN\AppData\Local\Packages\PythonSoftwareFoundation.Python.3.11_qbz5n2kfra8p0\LocalCache\local-packages\Python311\site-packages\django\db\models\sql\compiler.py", line 1822, in execute_sql
    for sql, params in self.as_sql():
                       ^^^^^^^^^^^^^
  File "C:\Users\BIRZHAN\AppData\Local\Packages\PythonSoftwareFoundation.Python.3.11_qbz5n2kfra8p0\LocalCache\local-packages\Python311\site-packages\django\db\models\sql\compiler.py", line 1745, in as_sql
    value_rows = [
                 ^
  File "C:\Users\BIRZHAN\AppData\Local\Packages\PythonSoftwareFoundation.Python.3.11_qbz5n2kfra8p0\LocalCache\local-packages\Python311\site-packages\django\db\models\sql\compiler.py", line 1746, in <listcomp>
    [
  File "C:\Users\BIRZHAN\AppData\Local\Packages\PythonSoftwareFoundation.Python.3.11_qbz5n2kfra8p0\LocalCache\local-packages\Python311\site-packages\django\db\models\sql\compiler.py", line 1747, in <listcomp>
    self.prepare_value(field, self.pre_save_val(field, obj))
  File "C:\Users\BIRZHAN\AppData\Local\Packages\PythonSoftwareFoundation.Python.3.11_qbz5n2kfra8p0\LocalCache\local-packages\Python311\site-packages\django\db\models\sql\compiler.py", line 1686, in prepare_value
    return field.get_db_prep_save(value, connection=self.connection)
           ^^^^^^^^^^^^^^^^^^^^^^^^^^^^^^^^^^^^^^^^^^^^^^^^^^^^^^^^^
  File "C:\Users\BIRZHAN\AppData\Local\Packages\PythonSoftwareFoundation.Python.3.11_qbz5n2kfra8p0\LocalCache\local-packages\Python311\site-packages\django\db\models\fields\__init__.py", line 1824, in get_db_prep_save
    self.to_python(value), self.max_digits, self.decimal_places
    ^^^^^^^^^^^^^^^^^^^^^
  File "C:\Users\BIRZHAN\AppData\Local\Packages\PythonSoftwareFoundation.Python.3.11_qbz5n2kfra8p0\LocalCache\local-packages\Python311\site-packages\django\db\models\fields\__init__.py", line 1807, in to_python
    raise exceptions.ValidationError(
django.core.exceptions.ValidationError: ['«начение У "2229.00"Ф должно быть дес€тичным числом.']
2024-07-19 07:09:49,551 [ERROR] django.request: Internal Server Error: /admin/shopapp/product/import-products-csv/
Traceback (most recent call last):
  File "C:\Users\BIRZHAN\AppData\Local\Packages\PythonSoftwareFoundation.Python.3.11_qbz5n2kfra8p0\LocalCache\local-packages\Python311\site-packages\django\db\models\fields\__init__.py", line 1805, in to_python
    decimal_value = decimal.Decimal(value)
                    ^^^^^^^^^^^^^^^^^^^^^^
decimal.InvalidOperation: [<class 'decimal.ConversionSyntax'>]

During handling of the above exception, another exception occurred:

Traceback (most recent call last):
  File "C:\Users\BIRZHAN\AppData\Local\Packages\PythonSoftwareFoundation.Python.3.11_qbz5n2kfra8p0\LocalCache\local-packages\Python311\site-packages\django\core\handlers\exception.py", line 55, in inner
    response = get_response(request)
               ^^^^^^^^^^^^^^^^^^^^^
  File "C:\Users\BIRZHAN\AppData\Local\Packages\PythonSoftwareFoundation.Python.3.11_qbz5n2kfra8p0\LocalCache\local-packages\Python311\site-packages\django\core\handlers\base.py", line 197, in _get_response
    response = wrapped_callback(request, *callback_args, **callback_kwargs)
               ^^^^^^^^^^^^^^^^^^^^^^^^^^^^^^^^^^^^^^^^^^^^^^^^^^^^^^^^^^^^
  File "C:\Users\BIRZHAN\AppData\Local\Packages\PythonSoftwareFoundation.Python.3.11_qbz5n2kfra8p0\LocalCache\local-packages\Python311\site-packages\sentry_sdk\integrations\django\views.py", line 67, in sentry_wrapped_callback
    return callback(request, *args, **kwargs)
           ^^^^^^^^^^^^^^^^^^^^^^^^^^^^^^^^^^
  File "C:\Users\BIRZHAN\PycharmProjects\python_django\mysite\shopapp\admin.py", line 92, in import_csv
    Product.objects.bulk_create(products)
  File "C:\Users\BIRZHAN\AppData\Local\Packages\PythonSoftwareFoundation.Python.3.11_qbz5n2kfra8p0\LocalCache\local-packages\Python311\site-packages\django\db\models\manager.py", line 87, in manager_method
    return getattr(self.get_queryset(), name)(*args, **kwargs)
           ^^^^^^^^^^^^^^^^^^^^^^^^^^^^^^^^^^^^^^^^^^^^^^^^^^^
  File "C:\Users\BIRZHAN\AppData\Local\Packages\PythonSoftwareFoundation.Python.3.11_qbz5n2kfra8p0\LocalCache\local-packages\Python311\site-packages\django\db\models\query.py", line 835, in bulk_create
    returned_columns = self._batched_insert(
                       ^^^^^^^^^^^^^^^^^^^^^
  File "C:\Users\BIRZHAN\AppData\Local\Packages\PythonSoftwareFoundation.Python.3.11_qbz5n2kfra8p0\LocalCache\local-packages\Python311\site-packages\django\db\models\query.py", line 1875, in _batched_insert
    self._insert(
  File "C:\Users\BIRZHAN\AppData\Local\Packages\PythonSoftwareFoundation.Python.3.11_qbz5n2kfra8p0\LocalCache\local-packages\Python311\site-packages\django\db\models\query.py", line 1847, in _insert
    return query.get_compiler(using=using).execute_sql(returning_fields)
           ^^^^^^^^^^^^^^^^^^^^^^^^^^^^^^^^^^^^^^^^^^^^^^^^^^^^^^^^^^^^^
  File "C:\Users\BIRZHAN\AppData\Local\Packages\PythonSoftwareFoundation.Python.3.11_qbz5n2kfra8p0\LocalCache\local-packages\Python311\site-packages\django\db\models\sql\compiler.py", line 1822, in execute_sql
    for sql, params in self.as_sql():
                       ^^^^^^^^^^^^^
  File "C:\Users\BIRZHAN\AppData\Local\Packages\PythonSoftwareFoundation.Python.3.11_qbz5n2kfra8p0\LocalCache\local-packages\Python311\site-packages\django\db\models\sql\compiler.py", line 1745, in as_sql
    value_rows = [
                 ^
  File "C:\Users\BIRZHAN\AppData\Local\Packages\PythonSoftwareFoundation.Python.3.11_qbz5n2kfra8p0\LocalCache\local-packages\Python311\site-packages\django\db\models\sql\compiler.py", line 1746, in <listcomp>
    [
  File "C:\Users\BIRZHAN\AppData\Local\Packages\PythonSoftwareFoundation.Python.3.11_qbz5n2kfra8p0\LocalCache\local-packages\Python311\site-packages\django\db\models\sql\compiler.py", line 1747, in <listcomp>
    self.prepare_value(field, self.pre_save_val(field, obj))
  File "C:\Users\BIRZHAN\AppData\Local\Packages\PythonSoftwareFoundation.Python.3.11_qbz5n2kfra8p0\LocalCache\local-packages\Python311\site-packages\django\db\models\sql\compiler.py", line 1686, in prepare_value
    return field.get_db_prep_save(value, connection=self.connection)
           ^^^^^^^^^^^^^^^^^^^^^^^^^^^^^^^^^^^^^^^^^^^^^^^^^^^^^^^^^
  File "C:\Users\BIRZHAN\AppData\Local\Packages\PythonSoftwareFoundation.Python.3.11_qbz5n2kfra8p0\LocalCache\local-packages\Python311\site-packages\django\db\models\fields\__init__.py", line 1824, in get_db_prep_save
    self.to_python(value), self.max_digits, self.decimal_places
    ^^^^^^^^^^^^^^^^^^^^^
  File "C:\Users\BIRZHAN\AppData\Local\Packages\PythonSoftwareFoundation.Python.3.11_qbz5n2kfra8p0\LocalCache\local-packages\Python311\site-packages\django\db\models\fields\__init__.py", line 1807, in to_python
    raise exceptions.ValidationError(
django.core.exceptions.ValidationError: ['«начение У "2229"Ф должно быть дес€тичным числом.']
2024-07-19 07:18:31,549 [INFO] django.utils.autoreload: C:\Users\BIRZHAN\PycharmProjects\python_django\mysite\shopapp\views.py changed, reloading.
2024-07-19 07:18:33,302 [INFO] django.utils.autoreload: Watching for file changes with StatReloader
2024-07-19 07:19:35,429 [INFO] django.utils.autoreload: C:\Users\BIRZHAN\PycharmProjects\python_django\mysite\shopapp\views.py changed, reloading.
2024-07-19 07:19:37,467 [INFO] django.utils.autoreload: Watching for file changes with StatReloader
2024-07-19 07:19:59,122 [INFO] django.utils.autoreload: C:\Users\BIRZHAN\PycharmProjects\python_django\mysite\shopapp\views.py changed, reloading.
2024-07-19 07:20:01,749 [INFO] django.utils.autoreload: Watching for file changes with StatReloader
2024-07-19 07:20:20,016 [INFO] django.utils.autoreload: C:\Users\BIRZHAN\PycharmProjects\python_django\mysite\shopapp\views.py changed, reloading.
2024-07-19 07:20:21,551 [INFO] django.utils.autoreload: Watching for file changes with StatReloader
2024-07-19 07:20:59,365 [INFO] django.utils.autoreload: C:\Users\BIRZHAN\PycharmProjects\python_django\mysite\shopapp\views.py changed, reloading.
2024-07-19 07:21:04,303 [INFO] django.utils.autoreload: Watching for file changes with StatReloader
2024-07-19 07:21:10,936 [INFO] django.utils.autoreload: C:\Users\BIRZHAN\PycharmProjects\python_django\mysite\shopapp\views.py changed, reloading.
2024-07-19 07:21:13,951 [INFO] django.utils.autoreload: Watching for file changes with StatReloader
2024-07-19 08:00:51,090 [INFO] django.utils.autoreload: Watching for file changes with StatReloader
2024-07-19 08:06:22,404 [INFO] django.utils.autoreload: C:\Users\BIRZHAN\PycharmProjects\python_django\mysite\shopapp\admin.py changed, reloading.
2024-07-19 08:06:25,502 [INFO] django.utils.autoreload: Watching for file changes with StatReloader
2024-07-19 08:06:44,386 [INFO] django.utils.autoreload: C:\Users\BIRZHAN\PycharmProjects\python_django\mysite\shopapp\admin.py changed, reloading.
2024-07-19 08:06:46,311 [INFO] django.utils.autoreload: Watching for file changes with StatReloader
2024-07-19 08:07:20,453 [INFO] django.utils.autoreload: C:\Users\BIRZHAN\PycharmProjects\python_django\mysite\shopapp\admin.py changed, reloading.
2024-07-19 08:07:24,023 [INFO] django.utils.autoreload: Watching for file changes with StatReloader
2024-07-19 08:07:51,618 [INFO] django.utils.autoreload: C:\Users\BIRZHAN\PycharmProjects\python_django\mysite\shopapp\admin.py changed, reloading.
2024-07-19 08:07:53,868 [INFO] django.utils.autoreload: Watching for file changes with StatReloader
2024-07-19 08:08:27,838 [INFO] django.utils.autoreload: C:\Users\BIRZHAN\PycharmProjects\python_django\mysite\shopapp\admin.py changed, reloading.
2024-07-19 08:08:29,310 [INFO] django.utils.autoreload: Watching for file changes with StatReloader
2024-07-19 08:08:35,604 [INFO] django.utils.autoreload: C:\Users\BIRZHAN\PycharmProjects\python_django\mysite\shopapp\admin.py changed, reloading.
2024-07-19 08:08:38,154 [INFO] django.utils.autoreload: Watching for file changes with StatReloader
2024-07-19 08:08:44,793 [INFO] django.utils.autoreload: C:\Users\BIRZHAN\PycharmProjects\python_django\mysite\shopapp\admin.py changed, reloading.
2024-07-19 08:08:46,727 [INFO] django.utils.autoreload: Watching for file changes with StatReloader
2024-07-19 08:09:01,854 [INFO] django.utils.autoreload: C:\Users\BIRZHAN\PycharmProjects\python_django\mysite\shopapp\admin.py changed, reloading.
2024-07-19 08:09:04,172 [INFO] django.utils.autoreload: Watching for file changes with StatReloader
2024-07-19 08:09:26,270 [INFO] django.utils.autoreload: C:\Users\BIRZHAN\PycharmProjects\python_django\mysite\shopapp\admin.py changed, reloading.
2024-07-19 08:09:28,054 [INFO] django.utils.autoreload: Watching for file changes with StatReloader
2024-07-19 08:09:33,838 [INFO] django.utils.autoreload: C:\Users\BIRZHAN\PycharmProjects\python_django\mysite\shopapp\admin.py changed, reloading.
2024-07-19 08:09:35,542 [INFO] django.utils.autoreload: Watching for file changes with StatReloader
2024-07-19 08:09:52,840 [INFO] django.utils.autoreload: C:\Users\BIRZHAN\PycharmProjects\python_django\mysite\shopapp\admin.py changed, reloading.
2024-07-19 08:09:55,578 [INFO] django.utils.autoreload: Watching for file changes with StatReloader
2024-07-19 08:13:23,752 [INFO] django.utils.autoreload: C:\Users\BIRZHAN\PycharmProjects\python_django\mysite\shopapp\admin.py changed, reloading.
2024-07-19 08:13:25,618 [INFO] django.utils.autoreload: Watching for file changes with StatReloader
2024-07-19 08:14:34,868 [INFO] django.utils.autoreload: C:\Users\BIRZHAN\PycharmProjects\python_django\mysite\shopapp\views.py changed, reloading.
2024-07-19 08:14:40,383 [INFO] django.utils.autoreload: Watching for file changes with StatReloader
2024-07-19 08:14:46,030 [INFO] django.utils.autoreload: C:\Users\BIRZHAN\PycharmProjects\python_django\mysite\shopapp\views.py changed, reloading.
2024-07-19 08:14:48,727 [INFO] django.utils.autoreload: Watching for file changes with StatReloader
2024-07-19 08:15:42,257 [INFO] django.utils.autoreload: C:\Users\BIRZHAN\PycharmProjects\python_django\mysite\shopapp\views.py changed, reloading.
2024-07-19 08:15:44,704 [INFO] django.utils.autoreload: Watching for file changes with StatReloader
2024-07-19 08:16:17,263 [INFO] django.utils.autoreload: C:\Users\BIRZHAN\PycharmProjects\python_django\mysite\shopapp\views.py changed, reloading.
2024-07-19 08:16:20,238 [INFO] django.utils.autoreload: Watching for file changes with StatReloader
2024-07-19 08:16:30,395 [INFO] django.utils.autoreload: C:\Users\BIRZHAN\PycharmProjects\python_django\mysite\shopapp\views.py changed, reloading.
2024-07-19 08:16:32,825 [INFO] django.utils.autoreload: Watching for file changes with StatReloader
2024-07-19 08:16:46,881 [INFO] django.utils.autoreload: C:\Users\BIRZHAN\PycharmProjects\python_django\mysite\shopapp\views.py changed, reloading.
2024-07-19 08:16:48,147 [INFO] django.utils.autoreload: Watching for file changes with StatReloader
2024-07-19 08:16:59,364 [INFO] django.utils.autoreload: C:\Users\BIRZHAN\PycharmProjects\python_django\mysite\shopapp\views.py changed, reloading.
2024-07-19 08:17:02,646 [INFO] django.utils.autoreload: Watching for file changes with StatReloader
2024-07-19 08:17:13,688 [INFO] django.utils.autoreload: C:\Users\BIRZHAN\PycharmProjects\python_django\mysite\shopapp\views.py changed, reloading.
2024-07-19 08:17:15,421 [INFO] django.utils.autoreload: Watching for file changes with StatReloader
2024-07-19 08:17:56,416 [INFO] django.utils.autoreload: C:\Users\BIRZHAN\PycharmProjects\python_django\mysite\shopapp\views.py changed, reloading.
2024-07-19 08:18:00,141 [INFO] django.utils.autoreload: Watching for file changes with StatReloader
2024-07-19 08:18:21,683 [INFO] django.utils.autoreload: C:\Users\BIRZHAN\PycharmProjects\python_django\mysite\shopapp\views.py changed, reloading.
2024-07-19 08:18:25,753 [INFO] django.utils.autoreload: Watching for file changes with StatReloader
2024-07-19 08:19:06,628 [INFO] django.utils.autoreload: C:\Users\BIRZHAN\PycharmProjects\python_django\mysite\shopapp\views.py changed, reloading.
2024-07-19 08:19:10,900 [INFO] django.utils.autoreload: Watching for file changes with StatReloader
2024-07-19 08:19:19,059 [INFO] django.utils.autoreload: C:\Users\BIRZHAN\PycharmProjects\python_django\mysite\shopapp\views.py changed, reloading.
2024-07-19 08:19:20,505 [INFO] django.utils.autoreload: Watching for file changes with StatReloader
2024-07-19 08:19:24,659 [INFO] django.utils.autoreload: C:\Users\BIRZHAN\PycharmProjects\python_django\mysite\shopapp\views.py changed, reloading.
2024-07-19 08:19:27,494 [INFO] django.utils.autoreload: Watching for file changes with StatReloader
2024-07-19 08:19:31,278 [INFO] django.utils.autoreload: C:\Users\BIRZHAN\PycharmProjects\python_django\mysite\shopapp\views.py changed, reloading.
2024-07-19 08:19:34,212 [INFO] django.utils.autoreload: Watching for file changes with StatReloader
2024-07-19 08:19:40,295 [INFO] django.utils.autoreload: C:\Users\BIRZHAN\PycharmProjects\python_django\mysite\shopapp\views.py changed, reloading.
2024-07-19 08:19:43,212 [INFO] django.utils.autoreload: Watching for file changes with StatReloader
2024-07-19 08:19:46,859 [INFO] django.utils.autoreload: C:\Users\BIRZHAN\PycharmProjects\python_django\mysite\shopapp\views.py changed, reloading.
2024-07-19 08:19:48,973 [INFO] django.utils.autoreload: Watching for file changes with StatReloader
2024-07-19 08:19:58,101 [INFO] django.utils.autoreload: C:\Users\BIRZHAN\PycharmProjects\python_django\mysite\shopapp\views.py changed, reloading.
2024-07-19 08:19:59,320 [INFO] django.utils.autoreload: Watching for file changes with StatReloader
2024-07-19 08:20:07,057 [INFO] django.utils.autoreload: C:\Users\BIRZHAN\PycharmProjects\python_django\mysite\shopapp\views.py changed, reloading.
2024-07-19 08:20:09,326 [INFO] django.utils.autoreload: Watching for file changes with StatReloader
2024-07-19 08:20:14,604 [INFO] django.utils.autoreload: C:\Users\BIRZHAN\PycharmProjects\python_django\mysite\shopapp\views.py changed, reloading.
2024-07-19 08:20:18,707 [INFO] django.utils.autoreload: Watching for file changes with StatReloader
2024-07-19 08:21:18,665 [INFO] django.utils.autoreload: C:\Users\BIRZHAN\PycharmProjects\python_django\mysite\shopapp\views.py changed, reloading.
2024-07-19 08:21:20,499 [INFO] django.utils.autoreload: Watching for file changes with StatReloader
2024-07-19 08:21:52,410 [INFO] django.utils.autoreload: C:\Users\BIRZHAN\PycharmProjects\python_django\mysite\shopapp\views.py changed, reloading.
2024-07-19 08:21:55,120 [INFO] django.utils.autoreload: Watching for file changes with StatReloader
2024-07-19 08:22:15,930 [INFO] django.utils.autoreload: C:\Users\BIRZHAN\PycharmProjects\python_django\mysite\shopapp\views.py changed, reloading.
2024-07-19 08:22:19,001 [INFO] django.utils.autoreload: Watching for file changes with StatReloader
2024-07-19 08:22:28,043 [INFO] django.utils.autoreload: C:\Users\BIRZHAN\PycharmProjects\python_django\mysite\shopapp\views.py changed, reloading.
2024-07-19 08:22:32,033 [INFO] django.utils.autoreload: Watching for file changes with StatReloader
2024-07-19 08:22:41,495 [INFO] django.utils.autoreload: C:\Users\BIRZHAN\PycharmProjects\python_django\mysite\shopapp\views.py changed, reloading.
2024-07-19 08:22:45,394 [INFO] django.utils.autoreload: Watching for file changes with StatReloader
2024-07-19 08:22:59,783 [INFO] django.utils.autoreload: C:\Users\BIRZHAN\PycharmProjects\python_django\mysite\shopapp\views.py changed, reloading.
2024-07-19 08:23:02,411 [INFO] django.utils.autoreload: Watching for file changes with StatReloader
2024-07-19 08:23:16,580 [INFO] django.utils.autoreload: C:\Users\BIRZHAN\PycharmProjects\python_django\mysite\shopapp\views.py changed, reloading.
2024-07-19 08:23:18,729 [INFO] django.utils.autoreload: Watching for file changes with StatReloader
2024-07-19 08:23:39,291 [WARNING] django.request: Method Not Allowed: /ru/shop/api/products/upload_csv/
2024-07-19 08:49:23,846 [INFO] django.utils.autoreload: C:\Users\BIRZHAN\PycharmProjects\python_django\mysite\blogapp\models.py changed, reloading.
2024-07-19 08:49:25,220 [INFO] django.utils.autoreload: Watching for file changes with StatReloader
2024-07-19 08:49:38,192 [INFO] django.utils.autoreload: C:\Users\BIRZHAN\PycharmProjects\python_django\mysite\blogapp\models.py changed, reloading.
2024-07-19 08:49:39,682 [INFO] django.utils.autoreload: Watching for file changes with StatReloader
2024-07-19 08:49:52,637 [INFO] django.utils.autoreload: C:\Users\BIRZHAN\PycharmProjects\python_django\mysite\blogapp\models.py changed, reloading.
2024-07-19 08:49:54,558 [INFO] django.utils.autoreload: Watching for file changes with StatReloader
2024-07-19 08:50:10,731 [INFO] django.utils.autoreload: C:\Users\BIRZHAN\PycharmProjects\python_django\mysite\blogapp\models.py changed, reloading.
2024-07-19 08:50:12,214 [INFO] django.utils.autoreload: Watching for file changes with StatReloader
2024-07-19 08:50:31,577 [INFO] django.utils.autoreload: C:\Users\BIRZHAN\PycharmProjects\python_django\mysite\blogapp\models.py changed, reloading.
2024-07-19 08:50:32,844 [INFO] django.utils.autoreload: Watching for file changes with StatReloader
2024-07-19 08:50:46,232 [INFO] django.utils.autoreload: C:\Users\BIRZHAN\PycharmProjects\python_django\mysite\blogapp\models.py changed, reloading.
2024-07-19 08:50:48,166 [INFO] django.utils.autoreload: Watching for file changes with StatReloader
2024-07-19 08:53:02,011 [INFO] django.utils.autoreload: C:\Users\BIRZHAN\PycharmProjects\python_django\mysite\blogapp\views.py changed, reloading.
2024-07-19 08:53:03,676 [INFO] django.utils.autoreload: Watching for file changes with StatReloader
2024-07-19 08:53:20,235 [INFO] django.utils.autoreload: C:\Users\BIRZHAN\PycharmProjects\python_django\mysite\blogapp\views.py changed, reloading.
2024-07-19 08:53:22,464 [INFO] django.utils.autoreload: Watching for file changes with StatReloader
2024-07-19 08:53:25,649 [INFO] django.utils.autoreload: C:\Users\BIRZHAN\PycharmProjects\python_django\mysite\blogapp\views.py changed, reloading.
2024-07-19 08:53:27,884 [INFO] django.utils.autoreload: Watching for file changes with StatReloader
2024-07-19 08:54:04,451 [INFO] django.utils.autoreload: C:\Users\BIRZHAN\PycharmProjects\python_django\mysite\blogapp\views.py changed, reloading.
2024-07-19 08:54:06,098 [INFO] django.utils.autoreload: Watching for file changes with StatReloader
2024-07-19 08:55:11,880 [INFO] django.utils.autoreload: C:\Users\BIRZHAN\PycharmProjects\python_django\mysite\blogapp\views.py changed, reloading.
2024-07-19 08:55:13,473 [INFO] django.utils.autoreload: Watching for file changes with StatReloader
2024-07-19 08:55:19,988 [INFO] django.utils.autoreload: C:\Users\BIRZHAN\PycharmProjects\python_django\mysite\blogapp\views.py changed, reloading.
2024-07-19 08:55:21,326 [INFO] django.utils.autoreload: Watching for file changes with StatReloader
2024-07-19 08:55:27,426 [INFO] django.utils.autoreload: C:\Users\BIRZHAN\PycharmProjects\python_django\mysite\blogapp\views.py changed, reloading.
2024-07-19 08:55:29,221 [INFO] django.utils.autoreload: Watching for file changes with StatReloader
2024-07-19 08:55:39,626 [INFO] django.utils.autoreload: C:\Users\BIRZHAN\PycharmProjects\python_django\mysite\blogapp\views.py changed, reloading.
2024-07-19 08:55:40,940 [INFO] django.utils.autoreload: Watching for file changes with StatReloader
2024-07-19 08:55:56,656 [INFO] django.utils.autoreload: C:\Users\BIRZHAN\PycharmProjects\python_django\mysite\blogapp\views.py changed, reloading.
2024-07-19 08:55:58,062 [INFO] django.utils.autoreload: Watching for file changes with StatReloader
2024-07-19 08:56:06,893 [INFO] django.utils.autoreload: C:\Users\BIRZHAN\PycharmProjects\python_django\mysite\blogapp\views.py changed, reloading.
2024-07-19 08:56:08,739 [INFO] django.utils.autoreload: Watching for file changes with StatReloader
2024-07-20 07:48:32,374 [INFO] django.utils.autoreload: Watching for file changes with StatReloader
2024-07-20 08:11:56,704 [INFO] django.utils.autoreload: C:\Users\BIRZHAN\PycharmProjects\python_django\mysite\blogapp\admin.py changed, reloading.
2024-07-20 08:12:05,073 [INFO] django.utils.autoreload: Watching for file changes with StatReloader
2024-07-20 08:12:23,895 [INFO] django.utils.autoreload: C:\Users\BIRZHAN\PycharmProjects\python_django\mysite\blogapp\admin.py changed, reloading.
2024-07-20 08:12:25,531 [INFO] django.utils.autoreload: Watching for file changes with StatReloader
2024-07-20 08:12:47,958 [INFO] django.utils.autoreload: C:\Users\BIRZHAN\PycharmProjects\python_django\mysite\blogapp\admin.py changed, reloading.
2024-07-20 08:12:50,232 [INFO] django.utils.autoreload: Watching for file changes with StatReloader
2024-07-20 08:12:56,679 [INFO] django.utils.autoreload: C:\Users\BIRZHAN\PycharmProjects\python_django\mysite\blogapp\admin.py changed, reloading.
2024-07-20 08:12:57,834 [INFO] django.utils.autoreload: Watching for file changes with StatReloader
2024-07-20 08:13:16,313 [INFO] django.utils.autoreload: C:\Users\BIRZHAN\PycharmProjects\python_django\mysite\blogapp\admin.py changed, reloading.
2024-07-20 08:13:18,577 [INFO] django.utils.autoreload: Watching for file changes with StatReloader
2024-07-20 08:13:33,138 [INFO] django.utils.autoreload: C:\Users\BIRZHAN\PycharmProjects\python_django\mysite\blogapp\admin.py changed, reloading.
2024-07-20 08:13:34,744 [INFO] django.utils.autoreload: Watching for file changes with StatReloader
2024-07-20 08:16:19,996 [INFO] django.utils.autoreload: C:\Users\BIRZHAN\PycharmProjects\python_django\mysite\blogapp\models.py changed, reloading.
2024-07-20 08:16:21,388 [INFO] django.utils.autoreload: Watching for file changes with StatReloader
2024-07-20 08:17:09,534 [INFO] django.utils.autoreload: Watching for file changes with StatReloader
2024-07-20 08:17:14,530 [WARNING] django.request: Not Found: /
2024-07-20 08:17:15,002 [WARNING] django.request: Not Found: /favicon.ico
2024-07-20 08:18:19,443 [WARNING] django.request: Not Found: /ru/admin
2024-07-20 08:21:57,012 [WARNING] django.request: Not Found: /blogapp/articles/
2024-07-20 08:22:13,890 [WARNING] django.request: Not Found: /blogapp/article/
2024-07-20 08:22:38,936 [ERROR] django.request: Internal Server Error: /ru/blog/articles/
Traceback (most recent call last):
  File "C:\Users\BIRZHAN\AppData\Local\Packages\PythonSoftwareFoundation.Python.3.11_qbz5n2kfra8p0\LocalCache\local-packages\Python311\site-packages\django\urls\base.py", line 71, in reverse
    extra, resolver = resolver.namespace_dict[ns]
                      ~~~~~~~~~~~~~~~~~~~~~~~^^^^
KeyError: 'blogapp'

During handling of the above exception, another exception occurred:

Traceback (most recent call last):
  File "C:\Users\BIRZHAN\AppData\Local\Packages\PythonSoftwareFoundation.Python.3.11_qbz5n2kfra8p0\LocalCache\local-packages\Python311\site-packages\django\core\handlers\exception.py", line 55, in inner
    response = get_response(request)
               ^^^^^^^^^^^^^^^^^^^^^
  File "C:\Users\BIRZHAN\AppData\Local\Packages\PythonSoftwareFoundation.Python.3.11_qbz5n2kfra8p0\LocalCache\local-packages\Python311\site-packages\django\core\handlers\base.py", line 220, in _get_response
    response = response.render()
               ^^^^^^^^^^^^^^^^^
  File "C:\Users\BIRZHAN\AppData\Local\Packages\PythonSoftwareFoundation.Python.3.11_qbz5n2kfra8p0\LocalCache\local-packages\Python311\site-packages\django\template\response.py", line 114, in render
    self.content = self.rendered_content
                   ^^^^^^^^^^^^^^^^^^^^^
  File "C:\Users\BIRZHAN\AppData\Local\Packages\PythonSoftwareFoundation.Python.3.11_qbz5n2kfra8p0\LocalCache\local-packages\Python311\site-packages\sentry_sdk\integrations\django\templates.py", line 73, in rendered_content
    return real_rendered_content.fget(self)
           ^^^^^^^^^^^^^^^^^^^^^^^^^^^^^^^^
  File "C:\Users\BIRZHAN\AppData\Local\Packages\PythonSoftwareFoundation.Python.3.11_qbz5n2kfra8p0\LocalCache\local-packages\Python311\site-packages\django\template\response.py", line 92, in rendered_content
    return template.render(context, self._request)
           ^^^^^^^^^^^^^^^^^^^^^^^^^^^^^^^^^^^^^^^
  File "C:\Users\BIRZHAN\AppData\Local\Packages\PythonSoftwareFoundation.Python.3.11_qbz5n2kfra8p0\LocalCache\local-packages\Python311\site-packages\django\template\backends\django.py", line 61, in render
    return self.template.render(context)
           ^^^^^^^^^^^^^^^^^^^^^^^^^^^^^
  File "C:\Users\BIRZHAN\AppData\Local\Packages\PythonSoftwareFoundation.Python.3.11_qbz5n2kfra8p0\LocalCache\local-packages\Python311\site-packages\django\template\base.py", line 171, in render
    return self._render(context)
           ^^^^^^^^^^^^^^^^^^^^^
  File "C:\Users\BIRZHAN\AppData\Local\Packages\PythonSoftwareFoundation.Python.3.11_qbz5n2kfra8p0\LocalCache\local-packages\Python311\site-packages\django\test\utils.py", line 111, in instrumented_test_render
    return self.nodelist.render(context)
           ^^^^^^^^^^^^^^^^^^^^^^^^^^^^^
  File "C:\Users\BIRZHAN\AppData\Local\Packages\PythonSoftwareFoundation.Python.3.11_qbz5n2kfra8p0\LocalCache\local-packages\Python311\site-packages\django\template\base.py", line 1000, in render
    return SafeString("".join([node.render_annotated(context) for node in self]))
                              ^^^^^^^^^^^^^^^^^^^^^^^^^^^^^^^^^^^^^^^^^^^^^^^^^
  File "C:\Users\BIRZHAN\AppData\Local\Packages\PythonSoftwareFoundation.Python.3.11_qbz5n2kfra8p0\LocalCache\local-packages\Python311\site-packages\django\template\base.py", line 1000, in <listcomp>
    return SafeString("".join([node.render_annotated(context) for node in self]))
                               ^^^^^^^^^^^^^^^^^^^^^^^^^^^^^^
  File "C:\Users\BIRZHAN\AppData\Local\Packages\PythonSoftwareFoundation.Python.3.11_qbz5n2kfra8p0\LocalCache\local-packages\Python311\site-packages\django\template\base.py", line 961, in render_annotated
    return self.render(context)
           ^^^^^^^^^^^^^^^^^^^^
  File "C:\Users\BIRZHAN\AppData\Local\Packages\PythonSoftwareFoundation.Python.3.11_qbz5n2kfra8p0\LocalCache\local-packages\Python311\site-packages\django\template\loader_tags.py", line 159, in render
    return compiled_parent._render(context)
           ^^^^^^^^^^^^^^^^^^^^^^^^^^^^^^^^
  File "C:\Users\BIRZHAN\AppData\Local\Packages\PythonSoftwareFoundation.Python.3.11_qbz5n2kfra8p0\LocalCache\local-packages\Python311\site-packages\django\test\utils.py", line 111, in instrumented_test_render
    return self.nodelist.render(context)
           ^^^^^^^^^^^^^^^^^^^^^^^^^^^^^
  File "C:\Users\BIRZHAN\AppData\Local\Packages\PythonSoftwareFoundation.Python.3.11_qbz5n2kfra8p0\LocalCache\local-packages\Python311\site-packages\django\template\base.py", line 1000, in render
    return SafeString("".join([node.render_annotated(context) for node in self]))
                              ^^^^^^^^^^^^^^^^^^^^^^^^^^^^^^^^^^^^^^^^^^^^^^^^^
  File "C:\Users\BIRZHAN\AppData\Local\Packages\PythonSoftwareFoundation.Python.3.11_qbz5n2kfra8p0\LocalCache\local-packages\Python311\site-packages\django\template\base.py", line 1000, in <listcomp>
    return SafeString("".join([node.render_annotated(context) for node in self]))
                               ^^^^^^^^^^^^^^^^^^^^^^^^^^^^^^
  File "C:\Users\BIRZHAN\AppData\Local\Packages\PythonSoftwareFoundation.Python.3.11_qbz5n2kfra8p0\LocalCache\local-packages\Python311\site-packages\django\template\base.py", line 961, in render_annotated
    return self.render(context)
           ^^^^^^^^^^^^^^^^^^^^
  File "C:\Users\BIRZHAN\AppData\Local\Packages\PythonSoftwareFoundation.Python.3.11_qbz5n2kfra8p0\LocalCache\local-packages\Python311\site-packages\django\template\loader_tags.py", line 65, in render
    result = block.nodelist.render(context)
             ^^^^^^^^^^^^^^^^^^^^^^^^^^^^^^
  File "C:\Users\BIRZHAN\AppData\Local\Packages\PythonSoftwareFoundation.Python.3.11_qbz5n2kfra8p0\LocalCache\local-packages\Python311\site-packages\django\template\base.py", line 1000, in render
    return SafeString("".join([node.render_annotated(context) for node in self]))
                              ^^^^^^^^^^^^^^^^^^^^^^^^^^^^^^^^^^^^^^^^^^^^^^^^^
  File "C:\Users\BIRZHAN\AppData\Local\Packages\PythonSoftwareFoundation.Python.3.11_qbz5n2kfra8p0\LocalCache\local-packages\Python311\site-packages\django\template\base.py", line 1000, in <listcomp>
    return SafeString("".join([node.render_annotated(context) for node in self]))
                               ^^^^^^^^^^^^^^^^^^^^^^^^^^^^^^
  File "C:\Users\BIRZHAN\AppData\Local\Packages\PythonSoftwareFoundation.Python.3.11_qbz5n2kfra8p0\LocalCache\local-packages\Python311\site-packages\django\template\base.py", line 961, in render_annotated
    return self.render(context)
           ^^^^^^^^^^^^^^^^^^^^
  File "C:\Users\BIRZHAN\AppData\Local\Packages\PythonSoftwareFoundation.Python.3.11_qbz5n2kfra8p0\LocalCache\local-packages\Python311\site-packages\django\template\defaulttags.py", line 326, in render
    return nodelist.render(context)
           ^^^^^^^^^^^^^^^^^^^^^^^^
  File "C:\Users\BIRZHAN\AppData\Local\Packages\PythonSoftwareFoundation.Python.3.11_qbz5n2kfra8p0\LocalCache\local-packages\Python311\site-packages\django\template\base.py", line 1000, in render
    return SafeString("".join([node.render_annotated(context) for node in self]))
                              ^^^^^^^^^^^^^^^^^^^^^^^^^^^^^^^^^^^^^^^^^^^^^^^^^
  File "C:\Users\BIRZHAN\AppData\Local\Packages\PythonSoftwareFoundation.Python.3.11_qbz5n2kfra8p0\LocalCache\local-packages\Python311\site-packages\django\template\base.py", line 1000, in <listcomp>
    return SafeString("".join([node.render_annotated(context) for node in self]))
                               ^^^^^^^^^^^^^^^^^^^^^^^^^^^^^^
  File "C:\Users\BIRZHAN\AppData\Local\Packages\PythonSoftwareFoundation.Python.3.11_qbz5n2kfra8p0\LocalCache\local-packages\Python311\site-packages\django\template\base.py", line 961, in render_annotated
    return self.render(context)
           ^^^^^^^^^^^^^^^^^^^^
  File "C:\Users\BIRZHAN\AppData\Local\Packages\PythonSoftwareFoundation.Python.3.11_qbz5n2kfra8p0\LocalCache\local-packages\Python311\site-packages\django\template\defaulttags.py", line 242, in render
    nodelist.append(node.render_annotated(context))
                    ^^^^^^^^^^^^^^^^^^^^^^^^^^^^^^
  File "C:\Users\BIRZHAN\AppData\Local\Packages\PythonSoftwareFoundation.Python.3.11_qbz5n2kfra8p0\LocalCache\local-packages\Python311\site-packages\django\template\base.py", line 961, in render_annotated
    return self.render(context)
           ^^^^^^^^^^^^^^^^^^^^
  File "C:\Users\BIRZHAN\AppData\Local\Packages\PythonSoftwareFoundation.Python.3.11_qbz5n2kfra8p0\LocalCache\local-packages\Python311\site-packages\django\template\defaulttags.py", line 479, in render
    url = reverse(view_name, args=args, kwargs=kwargs, current_app=current_app)
          ^^^^^^^^^^^^^^^^^^^^^^^^^^^^^^^^^^^^^^^^^^^^^^^^^^^^^^^^^^^^^^^^^^^^^
  File "C:\Users\BIRZHAN\AppData\Local\Packages\PythonSoftwareFoundation.Python.3.11_qbz5n2kfra8p0\LocalCache\local-packages\Python311\site-packages\django\urls\base.py", line 82, in reverse
    raise NoReverseMatch("%s is not a registered namespace" % key)
django.urls.exceptions.NoReverseMatch: 'blogapp' is not a registered namespace
2024-07-20 08:23:10,765 [INFO] django.utils.autoreload: C:\Users\BIRZHAN\PycharmProjects\python_django\mysite\mysite\urls.py changed, reloading.
2024-07-20 08:23:12,322 [INFO] django.utils.autoreload: Watching for file changes with StatReloader
2024-07-20 08:23:12,941 [WARNING] django.request: Not Found: /ru/blog/articles/
2024-07-20 08:23:20,608 [ERROR] django.request: Internal Server Error: /ru/blogapp/articles/
Traceback (most recent call last):
  File "C:\Users\BIRZHAN\AppData\Local\Packages\PythonSoftwareFoundation.Python.3.11_qbz5n2kfra8p0\LocalCache\local-packages\Python311\site-packages\django\urls\base.py", line 71, in reverse
    extra, resolver = resolver.namespace_dict[ns]
                      ~~~~~~~~~~~~~~~~~~~~~~~^^^^
KeyError: 'blogapp'

During handling of the above exception, another exception occurred:

Traceback (most recent call last):
  File "C:\Users\BIRZHAN\AppData\Local\Packages\PythonSoftwareFoundation.Python.3.11_qbz5n2kfra8p0\LocalCache\local-packages\Python311\site-packages\django\core\handlers\exception.py", line 55, in inner
    response = get_response(request)
               ^^^^^^^^^^^^^^^^^^^^^
  File "C:\Users\BIRZHAN\AppData\Local\Packages\PythonSoftwareFoundation.Python.3.11_qbz5n2kfra8p0\LocalCache\local-packages\Python311\site-packages\django\core\handlers\base.py", line 220, in _get_response
    response = response.render()
               ^^^^^^^^^^^^^^^^^
  File "C:\Users\BIRZHAN\AppData\Local\Packages\PythonSoftwareFoundation.Python.3.11_qbz5n2kfra8p0\LocalCache\local-packages\Python311\site-packages\django\template\response.py", line 114, in render
    self.content = self.rendered_content
                   ^^^^^^^^^^^^^^^^^^^^^
  File "C:\Users\BIRZHAN\AppData\Local\Packages\PythonSoftwareFoundation.Python.3.11_qbz5n2kfra8p0\LocalCache\local-packages\Python311\site-packages\sentry_sdk\integrations\django\templates.py", line 73, in rendered_content
    return real_rendered_content.fget(self)
           ^^^^^^^^^^^^^^^^^^^^^^^^^^^^^^^^
  File "C:\Users\BIRZHAN\AppData\Local\Packages\PythonSoftwareFoundation.Python.3.11_qbz5n2kfra8p0\LocalCache\local-packages\Python311\site-packages\django\template\response.py", line 92, in rendered_content
    return template.render(context, self._request)
           ^^^^^^^^^^^^^^^^^^^^^^^^^^^^^^^^^^^^^^^
  File "C:\Users\BIRZHAN\AppData\Local\Packages\PythonSoftwareFoundation.Python.3.11_qbz5n2kfra8p0\LocalCache\local-packages\Python311\site-packages\django\template\backends\django.py", line 61, in render
    return self.template.render(context)
           ^^^^^^^^^^^^^^^^^^^^^^^^^^^^^
  File "C:\Users\BIRZHAN\AppData\Local\Packages\PythonSoftwareFoundation.Python.3.11_qbz5n2kfra8p0\LocalCache\local-packages\Python311\site-packages\django\template\base.py", line 171, in render
    return self._render(context)
           ^^^^^^^^^^^^^^^^^^^^^
  File "C:\Users\BIRZHAN\AppData\Local\Packages\PythonSoftwareFoundation.Python.3.11_qbz5n2kfra8p0\LocalCache\local-packages\Python311\site-packages\django\test\utils.py", line 111, in instrumented_test_render
    return self.nodelist.render(context)
           ^^^^^^^^^^^^^^^^^^^^^^^^^^^^^
  File "C:\Users\BIRZHAN\AppData\Local\Packages\PythonSoftwareFoundation.Python.3.11_qbz5n2kfra8p0\LocalCache\local-packages\Python311\site-packages\django\template\base.py", line 1000, in render
    return SafeString("".join([node.render_annotated(context) for node in self]))
                              ^^^^^^^^^^^^^^^^^^^^^^^^^^^^^^^^^^^^^^^^^^^^^^^^^
  File "C:\Users\BIRZHAN\AppData\Local\Packages\PythonSoftwareFoundation.Python.3.11_qbz5n2kfra8p0\LocalCache\local-packages\Python311\site-packages\django\template\base.py", line 1000, in <listcomp>
    return SafeString("".join([node.render_annotated(context) for node in self]))
                               ^^^^^^^^^^^^^^^^^^^^^^^^^^^^^^
  File "C:\Users\BIRZHAN\AppData\Local\Packages\PythonSoftwareFoundation.Python.3.11_qbz5n2kfra8p0\LocalCache\local-packages\Python311\site-packages\django\template\base.py", line 961, in render_annotated
    return self.render(context)
           ^^^^^^^^^^^^^^^^^^^^
  File "C:\Users\BIRZHAN\AppData\Local\Packages\PythonSoftwareFoundation.Python.3.11_qbz5n2kfra8p0\LocalCache\local-packages\Python311\site-packages\django\template\loader_tags.py", line 159, in render
    return compiled_parent._render(context)
           ^^^^^^^^^^^^^^^^^^^^^^^^^^^^^^^^
  File "C:\Users\BIRZHAN\AppData\Local\Packages\PythonSoftwareFoundation.Python.3.11_qbz5n2kfra8p0\LocalCache\local-packages\Python311\site-packages\django\test\utils.py", line 111, in instrumented_test_render
    return self.nodelist.render(context)
           ^^^^^^^^^^^^^^^^^^^^^^^^^^^^^
  File "C:\Users\BIRZHAN\AppData\Local\Packages\PythonSoftwareFoundation.Python.3.11_qbz5n2kfra8p0\LocalCache\local-packages\Python311\site-packages\django\template\base.py", line 1000, in render
    return SafeString("".join([node.render_annotated(context) for node in self]))
                              ^^^^^^^^^^^^^^^^^^^^^^^^^^^^^^^^^^^^^^^^^^^^^^^^^
  File "C:\Users\BIRZHAN\AppData\Local\Packages\PythonSoftwareFoundation.Python.3.11_qbz5n2kfra8p0\LocalCache\local-packages\Python311\site-packages\django\template\base.py", line 1000, in <listcomp>
    return SafeString("".join([node.render_annotated(context) for node in self]))
                               ^^^^^^^^^^^^^^^^^^^^^^^^^^^^^^
  File "C:\Users\BIRZHAN\AppData\Local\Packages\PythonSoftwareFoundation.Python.3.11_qbz5n2kfra8p0\LocalCache\local-packages\Python311\site-packages\django\template\base.py", line 961, in render_annotated
    return self.render(context)
           ^^^^^^^^^^^^^^^^^^^^
  File "C:\Users\BIRZHAN\AppData\Local\Packages\PythonSoftwareFoundation.Python.3.11_qbz5n2kfra8p0\LocalCache\local-packages\Python311\site-packages\django\template\loader_tags.py", line 65, in render
    result = block.nodelist.render(context)
             ^^^^^^^^^^^^^^^^^^^^^^^^^^^^^^
  File "C:\Users\BIRZHAN\AppData\Local\Packages\PythonSoftwareFoundation.Python.3.11_qbz5n2kfra8p0\LocalCache\local-packages\Python311\site-packages\django\template\base.py", line 1000, in render
    return SafeString("".join([node.render_annotated(context) for node in self]))
                              ^^^^^^^^^^^^^^^^^^^^^^^^^^^^^^^^^^^^^^^^^^^^^^^^^
  File "C:\Users\BIRZHAN\AppData\Local\Packages\PythonSoftwareFoundation.Python.3.11_qbz5n2kfra8p0\LocalCache\local-packages\Python311\site-packages\django\template\base.py", line 1000, in <listcomp>
    return SafeString("".join([node.render_annotated(context) for node in self]))
                               ^^^^^^^^^^^^^^^^^^^^^^^^^^^^^^
  File "C:\Users\BIRZHAN\AppData\Local\Packages\PythonSoftwareFoundation.Python.3.11_qbz5n2kfra8p0\LocalCache\local-packages\Python311\site-packages\django\template\base.py", line 961, in render_annotated
    return self.render(context)
           ^^^^^^^^^^^^^^^^^^^^
  File "C:\Users\BIRZHAN\AppData\Local\Packages\PythonSoftwareFoundation.Python.3.11_qbz5n2kfra8p0\LocalCache\local-packages\Python311\site-packages\django\template\defaulttags.py", line 326, in render
    return nodelist.render(context)
           ^^^^^^^^^^^^^^^^^^^^^^^^
  File "C:\Users\BIRZHAN\AppData\Local\Packages\PythonSoftwareFoundation.Python.3.11_qbz5n2kfra8p0\LocalCache\local-packages\Python311\site-packages\django\template\base.py", line 1000, in render
    return SafeString("".join([node.render_annotated(context) for node in self]))
                              ^^^^^^^^^^^^^^^^^^^^^^^^^^^^^^^^^^^^^^^^^^^^^^^^^
  File "C:\Users\BIRZHAN\AppData\Local\Packages\PythonSoftwareFoundation.Python.3.11_qbz5n2kfra8p0\LocalCache\local-packages\Python311\site-packages\django\template\base.py", line 1000, in <listcomp>
    return SafeString("".join([node.render_annotated(context) for node in self]))
                               ^^^^^^^^^^^^^^^^^^^^^^^^^^^^^^
  File "C:\Users\BIRZHAN\AppData\Local\Packages\PythonSoftwareFoundation.Python.3.11_qbz5n2kfra8p0\LocalCache\local-packages\Python311\site-packages\django\template\base.py", line 961, in render_annotated
    return self.render(context)
           ^^^^^^^^^^^^^^^^^^^^
  File "C:\Users\BIRZHAN\AppData\Local\Packages\PythonSoftwareFoundation.Python.3.11_qbz5n2kfra8p0\LocalCache\local-packages\Python311\site-packages\django\template\defaulttags.py", line 242, in render
    nodelist.append(node.render_annotated(context))
                    ^^^^^^^^^^^^^^^^^^^^^^^^^^^^^^
  File "C:\Users\BIRZHAN\AppData\Local\Packages\PythonSoftwareFoundation.Python.3.11_qbz5n2kfra8p0\LocalCache\local-packages\Python311\site-packages\django\template\base.py", line 961, in render_annotated
    return self.render(context)
           ^^^^^^^^^^^^^^^^^^^^
  File "C:\Users\BIRZHAN\AppData\Local\Packages\PythonSoftwareFoundation.Python.3.11_qbz5n2kfra8p0\LocalCache\local-packages\Python311\site-packages\django\template\defaulttags.py", line 479, in render
    url = reverse(view_name, args=args, kwargs=kwargs, current_app=current_app)
          ^^^^^^^^^^^^^^^^^^^^^^^^^^^^^^^^^^^^^^^^^^^^^^^^^^^^^^^^^^^^^^^^^^^^^
  File "C:\Users\BIRZHAN\AppData\Local\Packages\PythonSoftwareFoundation.Python.3.11_qbz5n2kfra8p0\LocalCache\local-packages\Python311\site-packages\django\urls\base.py", line 82, in reverse
    raise NoReverseMatch("%s is not a registered namespace" % key)
django.urls.exceptions.NoReverseMatch: 'blogapp' is not a registered namespace
2024-07-20 08:24:11,026 [INFO] django.utils.autoreload: C:\Users\BIRZHAN\PycharmProjects\python_django\mysite\blogapp\urls.py changed, reloading.
2024-07-20 08:24:12,855 [INFO] django.utils.autoreload: Watching for file changes with StatReloader
2024-07-20 08:31:14,014 [INFO] django.utils.autoreload: Watching for file changes with StatReloader
2024-07-20 08:35:36,576 [INFO] django.utils.autoreload: C:\Users\BIRZHAN\PycharmProjects\python_django\mysite\blogapp\views.py changed, reloading.
2024-07-20 08:35:37,819 [INFO] django.utils.autoreload: Watching for file changes with StatReloader
2024-07-20 08:35:55,281 [INFO] django.utils.autoreload: C:\Users\BIRZHAN\PycharmProjects\python_django\mysite\blogapp\views.py changed, reloading.
2024-07-20 08:35:57,262 [INFO] django.utils.autoreload: Watching for file changes with StatReloader
2024-07-20 08:36:16,516 [INFO] django.utils.autoreload: C:\Users\BIRZHAN\PycharmProjects\python_django\mysite\blogapp\views.py changed, reloading.
2024-07-20 08:36:18,988 [INFO] django.utils.autoreload: Watching for file changes with StatReloader
2024-07-20 08:36:35,726 [INFO] django.utils.autoreload: C:\Users\BIRZHAN\PycharmProjects\python_django\mysite\blogapp\views.py changed, reloading.
2024-07-20 08:36:37,767 [INFO] django.utils.autoreload: Watching for file changes with StatReloader
2024-07-20 08:36:47,557 [INFO] django.utils.autoreload: C:\Users\BIRZHAN\PycharmProjects\python_django\mysite\blogapp\views.py changed, reloading.
2024-07-20 08:36:48,744 [INFO] django.utils.autoreload: Watching for file changes with StatReloader
2024-07-20 08:36:55,488 [INFO] django.utils.autoreload: C:\Users\BIRZHAN\PycharmProjects\python_django\mysite\blogapp\views.py changed, reloading.
2024-07-20 08:36:57,315 [INFO] django.utils.autoreload: Watching for file changes with StatReloader
2024-07-20 08:37:02,626 [INFO] django.utils.autoreload: C:\Users\BIRZHAN\PycharmProjects\python_django\mysite\blogapp\views.py changed, reloading.
2024-07-20 08:37:04,130 [INFO] django.utils.autoreload: Watching for file changes with StatReloader
2024-07-20 08:38:33,999 [INFO] django.utils.autoreload: C:\Users\BIRZHAN\PycharmProjects\python_django\mysite\blogapp\views.py changed, reloading.
2024-07-20 08:38:35,947 [INFO] django.utils.autoreload: Watching for file changes with StatReloader
2024-07-20 08:38:39,711 [INFO] django.utils.autoreload: C:\Users\BIRZHAN\PycharmProjects\python_django\mysite\blogapp\views.py changed, reloading.
2024-07-20 08:38:41,340 [INFO] django.utils.autoreload: Watching for file changes with StatReloader
2024-07-20 08:38:46,814 [INFO] django.utils.autoreload: C:\Users\BIRZHAN\PycharmProjects\python_django\mysite\blogapp\views.py changed, reloading.
2024-07-20 08:38:48,254 [INFO] django.utils.autoreload: Watching for file changes with StatReloader
2024-07-20 08:40:02,037 [INFO] django.utils.autoreload: C:\Users\BIRZHAN\PycharmProjects\python_django\mysite\blogapp\views.py changed, reloading.
2024-07-20 08:40:03,859 [INFO] django.utils.autoreload: Watching for file changes with StatReloader
2024-07-20 08:40:37,557 [INFO] django.utils.autoreload: C:\Users\BIRZHAN\PycharmProjects\python_django\mysite\blogapp\views.py changed, reloading.
2024-07-20 08:40:38,981 [INFO] django.utils.autoreload: Watching for file changes with StatReloader
2024-07-20 08:40:43,528 [INFO] django.utils.autoreload: C:\Users\BIRZHAN\PycharmProjects\python_django\mysite\blogapp\views.py changed, reloading.
2024-07-20 08:40:44,642 [INFO] django.utils.autoreload: Watching for file changes with StatReloader
2024-07-20 08:40:52,400 [INFO] django.utils.autoreload: C:\Users\BIRZHAN\PycharmProjects\python_django\mysite\blogapp\views.py changed, reloading.
2024-07-20 08:40:53,634 [INFO] django.utils.autoreload: Watching for file changes with StatReloader
2024-07-20 08:41:09,153 [INFO] django.utils.autoreload: C:\Users\BIRZHAN\PycharmProjects\python_django\mysite\blogapp\views.py changed, reloading.
2024-07-20 08:41:10,311 [INFO] django.utils.autoreload: Watching for file changes with StatReloader
2024-07-20 08:41:23,846 [INFO] django.utils.autoreload: C:\Users\BIRZHAN\PycharmProjects\python_django\mysite\blogapp\views.py changed, reloading.
2024-07-20 08:41:25,365 [INFO] django.utils.autoreload: Watching for file changes with StatReloader
2024-07-20 08:41:32,291 [INFO] django.utils.autoreload: C:\Users\BIRZHAN\PycharmProjects\python_django\mysite\blogapp\views.py changed, reloading.
2024-07-20 08:41:33,721 [INFO] django.utils.autoreload: Watching for file changes with StatReloader
2024-07-20 08:42:12,031 [INFO] django.utils.autoreload: C:\Users\BIRZHAN\PycharmProjects\python_django\mysite\blogapp\views.py changed, reloading.
2024-07-20 08:42:13,281 [INFO] django.utils.autoreload: Watching for file changes with StatReloader
2024-07-20 08:42:16,447 [INFO] django.utils.autoreload: C:\Users\BIRZHAN\PycharmProjects\python_django\mysite\blogapp\views.py changed, reloading.
2024-07-20 08:42:17,959 [INFO] django.utils.autoreload: Watching for file changes with StatReloader
2024-07-20 08:42:25,486 [INFO] django.utils.autoreload: C:\Users\BIRZHAN\PycharmProjects\python_django\mysite\blogapp\views.py changed, reloading.
2024-07-20 08:42:26,967 [INFO] django.utils.autoreload: Watching for file changes with StatReloader
2024-07-20 08:42:37,850 [INFO] django.utils.autoreload: C:\Users\BIRZHAN\PycharmProjects\python_django\mysite\blogapp\views.py changed, reloading.
2024-07-20 08:42:39,495 [INFO] django.utils.autoreload: Watching for file changes with StatReloader
2024-07-20 08:43:25,518 [INFO] django.utils.autoreload: C:\Users\BIRZHAN\PycharmProjects\python_django\mysite\blogapp\views.py changed, reloading.
2024-07-20 08:43:27,151 [INFO] django.utils.autoreload: Watching for file changes with StatReloader
2024-07-20 08:43:33,072 [INFO] django.utils.autoreload: C:\Users\BIRZHAN\PycharmProjects\python_django\mysite\blogapp\views.py changed, reloading.
2024-07-20 08:43:34,621 [INFO] django.utils.autoreload: Watching for file changes with StatReloader
2024-07-20 08:43:51,388 [INFO] django.utils.autoreload: C:\Users\BIRZHAN\PycharmProjects\python_django\mysite\blogapp\views.py changed, reloading.
2024-07-20 08:43:52,757 [INFO] django.utils.autoreload: Watching for file changes with StatReloader
2024-07-20 08:43:57,142 [INFO] django.utils.autoreload: C:\Users\BIRZHAN\PycharmProjects\python_django\mysite\blogapp\views.py changed, reloading.
2024-07-20 08:43:59,892 [INFO] django.utils.autoreload: Watching for file changes with StatReloader
2024-07-20 08:45:12,188 [INFO] django.utils.autoreload: C:\Users\BIRZHAN\PycharmProjects\python_django\mysite\blogapp\views.py changed, reloading.
2024-07-20 08:45:14,093 [INFO] django.utils.autoreload: Watching for file changes with StatReloader
2024-07-20 08:45:20,213 [INFO] django.utils.autoreload: C:\Users\BIRZHAN\PycharmProjects\python_django\mysite\blogapp\views.py changed, reloading.
2024-07-20 08:45:22,224 [INFO] django.utils.autoreload: Watching for file changes with StatReloader
2024-07-20 08:45:30,994 [INFO] django.utils.autoreload: C:\Users\BIRZHAN\PycharmProjects\python_django\mysite\blogapp\views.py changed, reloading.
2024-07-20 08:45:33,887 [INFO] django.utils.autoreload: Watching for file changes with StatReloader
2024-07-20 08:45:38,248 [INFO] django.utils.autoreload: C:\Users\BIRZHAN\PycharmProjects\python_django\mysite\blogapp\views.py changed, reloading.
2024-07-20 08:45:39,964 [INFO] django.utils.autoreload: Watching for file changes with StatReloader
2024-07-20 08:45:45,748 [INFO] django.utils.autoreload: C:\Users\BIRZHAN\PycharmProjects\python_django\mysite\blogapp\views.py changed, reloading.
2024-07-20 08:45:47,585 [INFO] django.utils.autoreload: Watching for file changes with StatReloader
2024-07-20 08:46:24,843 [INFO] django.utils.autoreload: C:\Users\BIRZHAN\PycharmProjects\python_django\mysite\blogapp\views.py changed, reloading.
2024-07-20 08:46:27,100 [INFO] django.utils.autoreload: Watching for file changes with StatReloader
2024-07-20 08:46:36,279 [INFO] django.utils.autoreload: C:\Users\BIRZHAN\PycharmProjects\python_django\mysite\blogapp\views.py changed, reloading.
2024-07-20 08:46:37,856 [INFO] django.utils.autoreload: Watching for file changes with StatReloader
2024-07-20 08:46:42,073 [INFO] django.utils.autoreload: C:\Users\BIRZHAN\PycharmProjects\python_django\mysite\blogapp\views.py changed, reloading.
2024-07-20 08:46:43,751 [INFO] django.utils.autoreload: Watching for file changes with StatReloader
2024-07-20 08:47:37,093 [INFO] django.utils.autoreload: C:\Users\BIRZHAN\PycharmProjects\python_django\mysite\blogapp\urls.py changed, reloading.
2024-07-20 08:47:39,360 [INFO] django.utils.autoreload: Watching for file changes with StatReloader
2024-07-20 08:47:55,420 [INFO] django.utils.autoreload: C:\Users\BIRZHAN\PycharmProjects\python_django\mysite\blogapp\urls.py changed, reloading.
2024-07-20 08:47:57,267 [INFO] django.utils.autoreload: Watching for file changes with StatReloader
2024-07-20 08:48:05,172 [INFO] django.utils.autoreload: C:\Users\BIRZHAN\PycharmProjects\python_django\mysite\blogapp\urls.py changed, reloading.
2024-07-20 08:48:06,704 [INFO] django.utils.autoreload: Watching for file changes with StatReloader
2024-07-20 08:48:23,987 [INFO] django.utils.autoreload: C:\Users\BIRZHAN\PycharmProjects\python_django\mysite\blogapp\urls.py changed, reloading.
2024-07-20 08:48:25,784 [INFO] django.utils.autoreload: Watching for file changes with StatReloader
2024-07-20 08:58:44,371 [INFO] django.utils.autoreload: C:\Users\BIRZHAN\PycharmProjects\python_django\mysite\blogapp\models.py changed, reloading.
2024-07-20 08:58:46,932 [INFO] django.utils.autoreload: Watching for file changes with StatReloader
2024-07-20 08:58:49,299 [INFO] django.utils.autoreload: C:\Users\BIRZHAN\PycharmProjects\python_django\mysite\blogapp\models.py changed, reloading.
2024-07-20 08:58:50,989 [INFO] django.utils.autoreload: Watching for file changes with StatReloader
2024-07-20 08:59:01,038 [INFO] django.utils.autoreload: C:\Users\BIRZHAN\PycharmProjects\python_django\mysite\blogapp\models.py changed, reloading.
2024-07-20 08:59:03,592 [INFO] django.utils.autoreload: Watching for file changes with StatReloader
2024-07-20 08:59:09,240 [INFO] django.utils.autoreload: C:\Users\BIRZHAN\PycharmProjects\python_django\mysite\blogapp\models.py changed, reloading.
2024-07-20 08:59:11,356 [INFO] django.utils.autoreload: Watching for file changes with StatReloader
2024-07-20 08:59:26,707 [INFO] django.utils.autoreload: C:\Users\BIRZHAN\PycharmProjects\python_django\mysite\blogapp\models.py changed, reloading.
2024-07-20 08:59:28,202 [INFO] django.utils.autoreload: Watching for file changes with StatReloader
2024-07-20 09:00:00,042 [INFO] django.utils.autoreload: C:\Users\BIRZHAN\PycharmProjects\python_django\mysite\blogapp\models.py changed, reloading.
2024-07-20 09:00:01,424 [INFO] django.utils.autoreload: Watching for file changes with StatReloader
2024-07-20 09:00:10,211 [INFO] django.utils.autoreload: C:\Users\BIRZHAN\PycharmProjects\python_django\mysite\blogapp\models.py changed, reloading.
2024-07-20 09:00:11,411 [INFO] django.utils.autoreload: Watching for file changes with StatReloader
2024-07-20 09:00:17,933 [INFO] django.utils.autoreload: C:\Users\BIRZHAN\PycharmProjects\python_django\mysite\blogapp\models.py changed, reloading.
2024-07-20 09:00:19,239 [INFO] django.utils.autoreload: Watching for file changes with StatReloader
2024-07-20 09:00:30,390 [INFO] django.utils.autoreload: C:\Users\BIRZHAN\PycharmProjects\python_django\mysite\blogapp\models.py changed, reloading.
2024-07-20 09:00:32,708 [INFO] django.utils.autoreload: Watching for file changes with StatReloader
2024-07-20 09:01:21,278 [INFO] django.utils.autoreload: C:\Users\BIRZHAN\PycharmProjects\python_django\mysite\blogapp\views.py changed, reloading.
2024-07-20 09:01:22,652 [INFO] django.utils.autoreload: Watching for file changes with StatReloader
2024-07-20 09:04:09,121 [INFO] django.utils.autoreload: C:\Users\BIRZHAN\PycharmProjects\python_django\mysite\mysite\urls.py changed, reloading.
2024-07-20 09:04:12,227 [INFO] django.utils.autoreload: Watching for file changes with StatReloader
2024-07-20 09:04:26,701 [INFO] django.utils.autoreload: C:\Users\BIRZHAN\PycharmProjects\python_django\mysite\mysite\urls.py changed, reloading.
2024-07-20 09:04:28,575 [INFO] django.utils.autoreload: Watching for file changes with StatReloader
2024-07-20 09:04:59,503 [INFO] django.utils.autoreload: C:\Users\BIRZHAN\PycharmProjects\python_django\mysite\mysite\urls.py changed, reloading.
2024-07-20 09:05:01,552 [INFO] django.utils.autoreload: Watching for file changes with StatReloader
2024-07-20 09:05:05,271 [INFO] django.utils.autoreload: C:\Users\BIRZHAN\PycharmProjects\python_django\mysite\mysite\urls.py changed, reloading.
2024-07-20 09:05:07,300 [INFO] django.utils.autoreload: Watching for file changes with StatReloader
2024-07-20 09:05:16,450 [INFO] django.utils.autoreload: C:\Users\BIRZHAN\PycharmProjects\python_django\mysite\mysite\urls.py changed, reloading.
2024-07-20 09:05:18,018 [INFO] django.utils.autoreload: Watching for file changes with StatReloader
2024-07-20 09:05:42,249 [INFO] django.utils.autoreload: C:\Users\BIRZHAN\PycharmProjects\python_django\mysite\mysite\urls.py changed, reloading.
2024-07-20 09:05:43,453 [INFO] django.utils.autoreload: Watching for file changes with StatReloader
2024-07-20 09:05:50,819 [INFO] django.utils.autoreload: C:\Users\BIRZHAN\PycharmProjects\python_django\mysite\mysite\urls.py changed, reloading.
2024-07-20 09:05:52,067 [INFO] django.utils.autoreload: Watching for file changes with StatReloader
2024-07-20 09:06:00,481 [INFO] django.utils.autoreload: C:\Users\BIRZHAN\PycharmProjects\python_django\mysite\mysite\urls.py changed, reloading.
2024-07-20 09:06:02,308 [INFO] django.utils.autoreload: Watching for file changes with StatReloader
2024-07-20 09:06:17,250 [INFO] django.utils.autoreload: C:\Users\BIRZHAN\PycharmProjects\python_django\mysite\mysite\urls.py changed, reloading.
2024-07-20 09:06:18,650 [INFO] django.utils.autoreload: Watching for file changes with StatReloader
2024-07-20 09:06:22,552 [INFO] django.utils.autoreload: C:\Users\BIRZHAN\PycharmProjects\python_django\mysite\mysite\urls.py changed, reloading.
2024-07-20 09:06:24,118 [INFO] django.utils.autoreload: Watching for file changes with StatReloader
2024-07-20 09:06:38,869 [INFO] django.utils.autoreload: C:\Users\BIRZHAN\PycharmProjects\python_django\mysite\mysite\urls.py changed, reloading.
2024-07-20 09:06:41,465 [INFO] django.utils.autoreload: Watching for file changes with StatReloader
2024-07-20 09:06:44,491 [INFO] django.utils.autoreload: C:\Users\BIRZHAN\PycharmProjects\python_django\mysite\mysite\urls.py changed, reloading.
2024-07-20 09:06:46,877 [INFO] django.utils.autoreload: Watching for file changes with StatReloader
2024-07-20 09:08:02,896 [INFO] django.utils.autoreload: Watching for file changes with StatReloader
2024-07-20 09:08:08,908 [WARNING] django.request: Not Found: /sitemap.xml
2024-07-20 09:11:52,275 [INFO] django.utils.autoreload: C:\Users\BIRZHAN\PycharmProjects\python_django\mysite\mysite\urls.py changed, reloading.
2024-07-20 09:11:53,703 [INFO] django.utils.autoreload: Watching for file changes with StatReloader
2024-07-20 09:11:59,147 [ERROR] django.request: Internal Server Error: /sitemap.xml
Traceback (most recent call last):
  File "C:\Users\BIRZHAN\AppData\Local\Packages\PythonSoftwareFoundation.Python.3.11_qbz5n2kfra8p0\LocalCache\local-packages\Python311\site-packages\django\core\handlers\exception.py", line 55, in inner
    response = get_response(request)
               ^^^^^^^^^^^^^^^^^^^^^
  File "C:\Users\BIRZHAN\AppData\Local\Packages\PythonSoftwareFoundation.Python.3.11_qbz5n2kfra8p0\LocalCache\local-packages\Python311\site-packages\django\core\handlers\base.py", line 220, in _get_response
    response = response.render()
               ^^^^^^^^^^^^^^^^^
  File "C:\Users\BIRZHAN\AppData\Local\Packages\PythonSoftwareFoundation.Python.3.11_qbz5n2kfra8p0\LocalCache\local-packages\Python311\site-packages\django\template\response.py", line 114, in render
    self.content = self.rendered_content
                   ^^^^^^^^^^^^^^^^^^^^^
  File "C:\Users\BIRZHAN\AppData\Local\Packages\PythonSoftwareFoundation.Python.3.11_qbz5n2kfra8p0\LocalCache\local-packages\Python311\site-packages\sentry_sdk\integrations\django\templates.py", line 73, in rendered_content
    return real_rendered_content.fget(self)
           ^^^^^^^^^^^^^^^^^^^^^^^^^^^^^^^^
  File "C:\Users\BIRZHAN\AppData\Local\Packages\PythonSoftwareFoundation.Python.3.11_qbz5n2kfra8p0\LocalCache\local-packages\Python311\site-packages\django\template\response.py", line 90, in rendered_content
    template = self.resolve_template(self.template_name)
               ^^^^^^^^^^^^^^^^^^^^^^^^^^^^^^^^^^^^^^^^^
  File "C:\Users\BIRZHAN\AppData\Local\Packages\PythonSoftwareFoundation.Python.3.11_qbz5n2kfra8p0\LocalCache\local-packages\Python311\site-packages\django\template\response.py", line 74, in resolve_template
    return get_template(template, using=self.using)
           ^^^^^^^^^^^^^^^^^^^^^^^^^^^^^^^^^^^^^^^^
  File "C:\Users\BIRZHAN\AppData\Local\Packages\PythonSoftwareFoundation.Python.3.11_qbz5n2kfra8p0\LocalCache\local-packages\Python311\site-packages\django\template\loader.py", line 19, in get_template
    raise TemplateDoesNotExist(template_name, chain=chain)
django.template.exceptions.TemplateDoesNotExist: sitemap.xml
2024-07-20 09:12:46,817 [INFO] django.utils.autoreload: C:\Users\BIRZHAN\PycharmProjects\python_django\mysite\mysite\settings.py changed, reloading.
2024-07-20 09:12:50,254 [INFO] django.utils.autoreload: Watching for file changes with StatReloader
2024-07-20 09:12:55,459 [INFO] django.utils.autoreload: C:\Users\BIRZHAN\PycharmProjects\python_django\mysite\mysite\settings.py changed, reloading.
2024-07-20 09:12:59,399 [INFO] django.utils.autoreload: Watching for file changes with StatReloader
2024-07-20 09:13:04,150 [INFO] django.utils.autoreload: C:\Users\BIRZHAN\PycharmProjects\python_django\mysite\mysite\settings.py changed, reloading.
2024-07-20 09:13:05,950 [INFO] django.utils.autoreload: Watching for file changes with StatReloader
2024-07-20 09:13:09,435 [INFO] django.utils.autoreload: C:\Users\BIRZHAN\PycharmProjects\python_django\mysite\mysite\settings.py changed, reloading.
2024-07-20 09:13:12,048 [INFO] django.utils.autoreload: Watching for file changes with StatReloader
2024-07-20 10:00:16,741 [INFO] django.utils.autoreload: C:\Users\BIRZHAN\PycharmProjects\python_django\mysite\shopapp\models.py changed, reloading.
2024-07-20 10:00:21,775 [INFO] django.utils.autoreload: Watching for file changes with StatReloader
2024-07-20 10:00:44,744 [INFO] django.utils.autoreload: C:\Users\BIRZHAN\PycharmProjects\python_django\mysite\shopapp\views.py changed, reloading.
2024-07-20 10:00:48,220 [INFO] django.utils.autoreload: Watching for file changes with StatReloader
2024-07-20 10:21:38,638 [INFO] django.utils.autoreload: C:\Users\BIRZHAN\PycharmProjects\python_django\mysite\mysite\sitemaps.py changed, reloading.
2024-07-20 10:21:39,836 [INFO] django.utils.autoreload: Watching for file changes with StatReloader
2024-07-21 07:13:17,677 [INFO] django.utils.autoreload: Watching for file changes with StatReloader
2024-07-21 07:13:26,805 [WARNING] django.request: Not Found: /
2024-07-21 07:13:27,297 [WARNING] django.request: Not Found: /favicon.ico
2024-07-21 07:13:49,893 [WARNING] django.request: Not Found: /myauth/cookie/get
2024-07-21 07:14:30,948 [WARNING] django.request: Not Found: /accaunts/cookie/get
2024-07-21 07:15:47,066 [INFO] django.utils.autoreload: C:\Users\BIRZHAN\PycharmProjects\python_django\mysite\myauth\views.py changed, reloading.
2024-07-21 07:15:48,664 [INFO] django.utils.autoreload: Watching for file changes with StatReloader
2024-07-21 07:16:12,437 [INFO] django.utils.autoreload: C:\Users\BIRZHAN\PycharmProjects\python_django\mysite\myauth\views.py changed, reloading.
2024-07-21 07:16:21,590 [INFO] django.utils.autoreload: Watching for file changes with StatReloader
2024-07-21 07:18:15,474 [INFO] django.utils.autoreload: C:\Users\BIRZHAN\PycharmProjects\python_django\mysite\shopapp\urls.py changed, reloading.
2024-07-21 07:18:17,690 [INFO] django.utils.autoreload: Watching for file changes with StatReloader
2024-07-21 07:19:28,269 [INFO] django.utils.autoreload: C:\Users\BIRZHAN\PycharmProjects\python_django\mysite\shopapp\urls.py changed, reloading.
2024-07-21 07:19:29,724 [INFO] django.utils.autoreload: Watching for file changes with StatReloader
2024-07-21 07:19:47,589 [INFO] shopapp.views: Rendering shop index
2024-07-21 07:23:40,322 [INFO] django.utils.autoreload: C:\Users\BIRZHAN\PycharmProjects\python_django\mysite\shopapp\views.py changed, reloading.
2024-07-21 07:23:47,844 [INFO] django.utils.autoreload: Watching for file changes with StatReloader
2024-07-21 07:24:18,299 [INFO] django.utils.autoreload: C:\Users\BIRZHAN\PycharmProjects\python_django\mysite\shopapp\views.py changed, reloading.
2024-07-21 07:24:23,534 [INFO] django.utils.autoreload: Watching for file changes with StatReloader
2024-07-21 07:25:47,530 [INFO] django.utils.autoreload: C:\Users\BIRZHAN\PycharmProjects\python_django\mysite\shopapp\views.py changed, reloading.
2024-07-21 07:25:49,070 [INFO] django.utils.autoreload: Watching for file changes with StatReloader
2024-07-21 07:25:55,427 [INFO] django.utils.autoreload: C:\Users\BIRZHAN\PycharmProjects\python_django\mysite\shopapp\views.py changed, reloading.
2024-07-21 07:25:59,061 [INFO] django.utils.autoreload: Watching for file changes with StatReloader
2024-07-21 07:26:15,384 [INFO] django.utils.autoreload: C:\Users\BIRZHAN\PycharmProjects\python_django\mysite\shopapp\views.py changed, reloading.
2024-07-21 07:26:17,015 [INFO] django.utils.autoreload: Watching for file changes with StatReloader
2024-07-21 07:26:28,572 [INFO] django.utils.autoreload: C:\Users\BIRZHAN\PycharmProjects\python_django\mysite\shopapp\views.py changed, reloading.
2024-07-21 07:26:30,771 [INFO] django.utils.autoreload: Watching for file changes with StatReloader
2024-07-21 07:27:01,546 [INFO] django.utils.autoreload: C:\Users\BIRZHAN\PycharmProjects\python_django\mysite\shopapp\views.py changed, reloading.
2024-07-21 07:27:05,090 [INFO] django.utils.autoreload: Watching for file changes with StatReloader
2024-07-21 07:27:16,854 [INFO] django.utils.autoreload: C:\Users\BIRZHAN\PycharmProjects\python_django\mysite\shopapp\views.py changed, reloading.
2024-07-21 07:27:21,919 [INFO] django.utils.autoreload: Watching for file changes with StatReloader
2024-07-21 07:28:01,763 [INFO] django.utils.autoreload: C:\Users\BIRZHAN\PycharmProjects\python_django\mysite\shopapp\views.py changed, reloading.
2024-07-21 07:28:04,657 [INFO] django.utils.autoreload: Watching for file changes with StatReloader
2024-07-21 07:28:52,833 [INFO] django.utils.autoreload: C:\Users\BIRZHAN\PycharmProjects\python_django\mysite\shopapp\views.py changed, reloading.
2024-07-21 07:28:58,313 [INFO] django.utils.autoreload: Watching for file changes with StatReloader
2024-07-21 07:30:23,442 [INFO] django.utils.autoreload: C:\Users\BIRZHAN\PycharmProjects\python_django\mysite\shopapp\views.py changed, reloading.
2024-07-21 07:30:25,731 [INFO] django.utils.autoreload: Watching for file changes with StatReloader
2024-07-21 07:31:48,713 [INFO] django.utils.autoreload: C:\Users\BIRZHAN\PycharmProjects\python_django\mysite\shopapp\urls.py changed, reloading.
2024-07-21 07:31:50,522 [INFO] django.utils.autoreload: Watching for file changes with StatReloader
2024-07-21 07:32:09,149 [INFO] shopapp.views: Rendering shop index
2024-07-21 07:33:37,985 [INFO] django.utils.autoreload: C:\Users\BIRZHAN\PycharmProjects\python_django\mysite\shopapp\views.py changed, reloading.
2024-07-21 07:33:40,062 [INFO] django.utils.autoreload: Watching for file changes with StatReloader
2024-07-21 07:36:15,173 [INFO] shopapp.views: Rendering shop index
2024-07-21 07:36:15,809 [INFO] shopapp.views: Rendering shop index
2024-07-21 07:36:16,511 [INFO] shopapp.views: Rendering shop index
2024-07-21 07:36:17,394 [INFO] shopapp.views: Rendering shop index
2024-07-21 07:44:43,001 [ERROR] django.request: Internal Server Error: /ru/accounts/about-me/
Traceback (most recent call last):
  File "C:\Users\BIRZHAN\AppData\Local\Packages\PythonSoftwareFoundation.Python.3.11_qbz5n2kfra8p0\LocalCache\local-packages\Python311\site-packages\django\template\base.py", line 502, in parse
    compile_func = self.tags[command]
                   ~~~~~~~~~^^^^^^^^^
KeyError: 'endcache'

During handling of the above exception, another exception occurred:

Traceback (most recent call last):
  File "C:\Users\BIRZHAN\AppData\Local\Packages\PythonSoftwareFoundation.Python.3.11_qbz5n2kfra8p0\LocalCache\local-packages\Python311\site-packages\django\core\handlers\exception.py", line 55, in inner
    response = get_response(request)
               ^^^^^^^^^^^^^^^^^^^^^
  File "C:\Users\BIRZHAN\AppData\Local\Packages\PythonSoftwareFoundation.Python.3.11_qbz5n2kfra8p0\LocalCache\local-packages\Python311\site-packages\django\core\handlers\base.py", line 220, in _get_response
    response = response.render()
               ^^^^^^^^^^^^^^^^^
  File "C:\Users\BIRZHAN\AppData\Local\Packages\PythonSoftwareFoundation.Python.3.11_qbz5n2kfra8p0\LocalCache\local-packages\Python311\site-packages\django\template\response.py", line 114, in render
    self.content = self.rendered_content
                   ^^^^^^^^^^^^^^^^^^^^^
  File "C:\Users\BIRZHAN\AppData\Local\Packages\PythonSoftwareFoundation.Python.3.11_qbz5n2kfra8p0\LocalCache\local-packages\Python311\site-packages\sentry_sdk\integrations\django\templates.py", line 73, in rendered_content
    return real_rendered_content.fget(self)
           ^^^^^^^^^^^^^^^^^^^^^^^^^^^^^^^^
  File "C:\Users\BIRZHAN\AppData\Local\Packages\PythonSoftwareFoundation.Python.3.11_qbz5n2kfra8p0\LocalCache\local-packages\Python311\site-packages\django\template\response.py", line 90, in rendered_content
    template = self.resolve_template(self.template_name)
               ^^^^^^^^^^^^^^^^^^^^^^^^^^^^^^^^^^^^^^^^^
  File "C:\Users\BIRZHAN\AppData\Local\Packages\PythonSoftwareFoundation.Python.3.11_qbz5n2kfra8p0\LocalCache\local-packages\Python311\site-packages\django\template\response.py", line 72, in resolve_template
    return select_template(template, using=self.using)
           ^^^^^^^^^^^^^^^^^^^^^^^^^^^^^^^^^^^^^^^^^^^
  File "C:\Users\BIRZHAN\AppData\Local\Packages\PythonSoftwareFoundation.Python.3.11_qbz5n2kfra8p0\LocalCache\local-packages\Python311\site-packages\django\template\loader.py", line 42, in select_template
    return engine.get_template(template_name)
           ^^^^^^^^^^^^^^^^^^^^^^^^^^^^^^^^^^
  File "C:\Users\BIRZHAN\AppData\Local\Packages\PythonSoftwareFoundation.Python.3.11_qbz5n2kfra8p0\LocalCache\local-packages\Python311\site-packages\django\template\backends\django.py", line 33, in get_template
    return Template(self.engine.get_template(template_name), self)
                    ^^^^^^^^^^^^^^^^^^^^^^^^^^^^^^^^^^^^^^^
  File "C:\Users\BIRZHAN\AppData\Local\Packages\PythonSoftwareFoundation.Python.3.11_qbz5n2kfra8p0\LocalCache\local-packages\Python311\site-packages\django\template\engine.py", line 177, in get_template
    template, origin = self.find_template(template_name)
                       ^^^^^^^^^^^^^^^^^^^^^^^^^^^^^^^^^
  File "C:\Users\BIRZHAN\AppData\Local\Packages\PythonSoftwareFoundation.Python.3.11_qbz5n2kfra8p0\LocalCache\local-packages\Python311\site-packages\django\template\engine.py", line 159, in find_template
    template = loader.get_template(name, skip=skip)
               ^^^^^^^^^^^^^^^^^^^^^^^^^^^^^^^^^^^^
  File "C:\Users\BIRZHAN\AppData\Local\Packages\PythonSoftwareFoundation.Python.3.11_qbz5n2kfra8p0\LocalCache\local-packages\Python311\site-packages\django\template\loaders\cached.py", line 57, in get_template
    template = super().get_template(template_name, skip)
               ^^^^^^^^^^^^^^^^^^^^^^^^^^^^^^^^^^^^^^^^^
  File "C:\Users\BIRZHAN\AppData\Local\Packages\PythonSoftwareFoundation.Python.3.11_qbz5n2kfra8p0\LocalCache\local-packages\Python311\site-packages\django\template\loaders\base.py", line 28, in get_template
    return Template(
           ^^^^^^^^^
  File "C:\Users\BIRZHAN\AppData\Local\Packages\PythonSoftwareFoundation.Python.3.11_qbz5n2kfra8p0\LocalCache\local-packages\Python311\site-packages\django\template\base.py", line 154, in __init__
    self.nodelist = self.compile_nodelist()
                    ^^^^^^^^^^^^^^^^^^^^^^^
  File "C:\Users\BIRZHAN\AppData\Local\Packages\PythonSoftwareFoundation.Python.3.11_qbz5n2kfra8p0\LocalCache\local-packages\Python311\site-packages\django\template\base.py", line 196, in compile_nodelist
    return parser.parse()
           ^^^^^^^^^^^^^^
  File "C:\Users\BIRZHAN\AppData\Local\Packages\PythonSoftwareFoundation.Python.3.11_qbz5n2kfra8p0\LocalCache\local-packages\Python311\site-packages\django\template\base.py", line 510, in parse
    raise self.error(token, e)
  File "C:\Users\BIRZHAN\AppData\Local\Packages\PythonSoftwareFoundation.Python.3.11_qbz5n2kfra8p0\LocalCache\local-packages\Python311\site-packages\django\template\base.py", line 508, in parse
    compiled_result = compile_func(self, token)
                      ^^^^^^^^^^^^^^^^^^^^^^^^^
  File "C:\Users\BIRZHAN\AppData\Local\Packages\PythonSoftwareFoundation.Python.3.11_qbz5n2kfra8p0\LocalCache\local-packages\Python311\site-packages\django\template\loader_tags.py", line 295, in do_extends
    nodelist = parser.parse()
               ^^^^^^^^^^^^^^
  File "C:\Users\BIRZHAN\AppData\Local\Packages\PythonSoftwareFoundation.Python.3.11_qbz5n2kfra8p0\LocalCache\local-packages\Python311\site-packages\django\template\base.py", line 510, in parse
    raise self.error(token, e)
  File "C:\Users\BIRZHAN\AppData\Local\Packages\PythonSoftwareFoundation.Python.3.11_qbz5n2kfra8p0\LocalCache\local-packages\Python311\site-packages\django\template\base.py", line 508, in parse
    compiled_result = compile_func(self, token)
                      ^^^^^^^^^^^^^^^^^^^^^^^^^
  File "C:\Users\BIRZHAN\AppData\Local\Packages\PythonSoftwareFoundation.Python.3.11_qbz5n2kfra8p0\LocalCache\local-packages\Python311\site-packages\django\template\loader_tags.py", line 234, in do_block
    nodelist = parser.parse(("endblock",))
               ^^^^^^^^^^^^^^^^^^^^^^^^^^^
  File "C:\Users\BIRZHAN\AppData\Local\Packages\PythonSoftwareFoundation.Python.3.11_qbz5n2kfra8p0\LocalCache\local-packages\Python311\site-packages\django\template\base.py", line 510, in parse
    raise self.error(token, e)
  File "C:\Users\BIRZHAN\AppData\Local\Packages\PythonSoftwareFoundation.Python.3.11_qbz5n2kfra8p0\LocalCache\local-packages\Python311\site-packages\django\template\base.py", line 508, in parse
    compiled_result = compile_func(self, token)
                      ^^^^^^^^^^^^^^^^^^^^^^^^^
  File "C:\Users\BIRZHAN\AppData\Local\Packages\PythonSoftwareFoundation.Python.3.11_qbz5n2kfra8p0\LocalCache\local-packages\Python311\site-packages\django\template\defaulttags.py", line 961, in do_if
    nodelist = parser.parse(("elif", "else", "endif"))
               ^^^^^^^^^^^^^^^^^^^^^^^^^^^^^^^^^^^^^^^
  File "C:\Users\BIRZHAN\AppData\Local\Packages\PythonSoftwareFoundation.Python.3.11_qbz5n2kfra8p0\LocalCache\local-packages\Python311\site-packages\django\template\base.py", line 510, in parse
    raise self.error(token, e)
  File "C:\Users\BIRZHAN\AppData\Local\Packages\PythonSoftwareFoundation.Python.3.11_qbz5n2kfra8p0\LocalCache\local-packages\Python311\site-packages\django\template\base.py", line 508, in parse
    compiled_result = compile_func(self, token)
                      ^^^^^^^^^^^^^^^^^^^^^^^^^
  File "C:\Users\BIRZHAN\AppData\Local\Packages\PythonSoftwareFoundation.Python.3.11_qbz5n2kfra8p0\LocalCache\local-packages\Python311\site-packages\django\templatetags\cache.py", line 84, in do_cache
    nodelist = parser.parse(("endcache",))
               ^^^^^^^^^^^^^^^^^^^^^^^^^^^
  File "C:\Users\BIRZHAN\AppData\Local\Packages\PythonSoftwareFoundation.Python.3.11_qbz5n2kfra8p0\LocalCache\local-packages\Python311\site-packages\django\template\base.py", line 510, in parse
    raise self.error(token, e)
  File "C:\Users\BIRZHAN\AppData\Local\Packages\PythonSoftwareFoundation.Python.3.11_qbz5n2kfra8p0\LocalCache\local-packages\Python311\site-packages\django\template\base.py", line 508, in parse
    compiled_result = compile_func(self, token)
                      ^^^^^^^^^^^^^^^^^^^^^^^^^
  File "C:\Users\BIRZHAN\AppData\Local\Packages\PythonSoftwareFoundation.Python.3.11_qbz5n2kfra8p0\LocalCache\local-packages\Python311\site-packages\django\template\defaulttags.py", line 961, in do_if
    nodelist = parser.parse(("elif", "else", "endif"))
               ^^^^^^^^^^^^^^^^^^^^^^^^^^^^^^^^^^^^^^^
  File "C:\Users\BIRZHAN\AppData\Local\Packages\PythonSoftwareFoundation.Python.3.11_qbz5n2kfra8p0\LocalCache\local-packages\Python311\site-packages\django\template\base.py", line 504, in parse
    self.invalid_block_tag(token, command, parse_until)
  File "C:\Users\BIRZHAN\AppData\Local\Packages\PythonSoftwareFoundation.Python.3.11_qbz5n2kfra8p0\LocalCache\local-packages\Python311\site-packages\django\template\base.py", line 555, in invalid_block_tag
    raise self.error(
django.template.exceptions.TemplateSyntaxError: Invalid block tag on line 21: 'endcache', expected 'elif', 'else' or 'endif'. Did you forget to register or load this tag?
2024-07-21 07:57:44,459 [INFO] django.utils.autoreload: C:\Users\BIRZHAN\PycharmProjects\python_django\mysite\shopapp\views.py changed, reloading.
2024-07-21 07:57:46,243 [INFO] django.utils.autoreload: Watching for file changes with StatReloader
2024-07-21 07:58:01,608 [INFO] django.utils.autoreload: C:\Users\BIRZHAN\PycharmProjects\python_django\mysite\shopapp\views.py changed, reloading.
2024-07-21 07:58:03,830 [INFO] django.utils.autoreload: Watching for file changes with StatReloader
2024-07-21 07:58:23,757 [INFO] django.utils.autoreload: C:\Users\BIRZHAN\PycharmProjects\python_django\mysite\shopapp\views.py changed, reloading.
2024-07-21 07:58:27,985 [INFO] django.utils.autoreload: Watching for file changes with StatReloader
2024-07-21 07:58:38,034 [INFO] django.utils.autoreload: C:\Users\BIRZHAN\PycharmProjects\python_django\mysite\shopapp\views.py changed, reloading.
2024-07-21 07:58:40,043 [INFO] django.utils.autoreload: Watching for file changes with StatReloader
2024-07-21 07:58:58,431 [INFO] django.utils.autoreload: C:\Users\BIRZHAN\PycharmProjects\python_django\mysite\shopapp\views.py changed, reloading.
2024-07-21 07:59:01,171 [INFO] django.utils.autoreload: Watching for file changes with StatReloader
2024-07-21 07:59:11,684 [INFO] django.utils.autoreload: C:\Users\BIRZHAN\PycharmProjects\python_django\mysite\shopapp\views.py changed, reloading.
2024-07-21 07:59:14,906 [INFO] django.utils.autoreload: Watching for file changes with StatReloader
2024-07-21 07:59:26,413 [INFO] django.utils.autoreload: C:\Users\BIRZHAN\PycharmProjects\python_django\mysite\shopapp\views.py changed, reloading.
2024-07-21 07:59:27,879 [INFO] django.utils.autoreload: Watching for file changes with StatReloader
2024-07-21 07:59:40,575 [INFO] django.utils.autoreload: C:\Users\BIRZHAN\PycharmProjects\python_django\mysite\shopapp\views.py changed, reloading.
2024-07-21 07:59:43,398 [INFO] django.utils.autoreload: Watching for file changes with StatReloader
2024-07-21 07:59:51,350 [INFO] django.utils.autoreload: C:\Users\BIRZHAN\PycharmProjects\python_django\mysite\shopapp\views.py changed, reloading.
2024-07-21 07:59:54,294 [INFO] django.utils.autoreload: Watching for file changes with StatReloader
2024-07-21 08:01:09,379 [INFO] django.utils.autoreload: C:\Users\BIRZHAN\PycharmProjects\python_django\mysite\shopapp\views.py changed, reloading.
2024-07-21 08:01:14,279 [INFO] django.utils.autoreload: Watching for file changes with StatReloader
2024-07-21 08:01:20,823 [INFO] django.utils.autoreload: C:\Users\BIRZHAN\PycharmProjects\python_django\mysite\shopapp\views.py changed, reloading.
2024-07-21 08:01:22,562 [INFO] django.utils.autoreload: Watching for file changes with StatReloader
2024-07-21 08:01:41,623 [INFO] django.utils.autoreload: C:\Users\BIRZHAN\PycharmProjects\python_django\mysite\shopapp\views.py changed, reloading.
2024-07-21 08:01:43,092 [INFO] django.utils.autoreload: Watching for file changes with StatReloader
2024-07-21 08:01:51,041 [INFO] django.utils.autoreload: C:\Users\BIRZHAN\PycharmProjects\python_django\mysite\shopapp\views.py changed, reloading.
2024-07-21 08:01:53,156 [INFO] django.utils.autoreload: Watching for file changes with StatReloader
2024-07-21 08:01:59,804 [INFO] django.utils.autoreload: C:\Users\BIRZHAN\PycharmProjects\python_django\mysite\shopapp\views.py changed, reloading.
2024-07-21 08:02:01,947 [INFO] django.utils.autoreload: Watching for file changes with StatReloader
2024-07-21 08:02:37,310 [INFO] django.utils.autoreload: C:\Users\BIRZHAN\PycharmProjects\python_django\mysite\shopapp\views.py changed, reloading.
2024-07-21 08:02:40,151 [INFO] django.utils.autoreload: Watching for file changes with StatReloader
2024-07-21 08:06:09,376 [INFO] django.utils.autoreload: C:\Users\BIRZHAN\PycharmProjects\python_django\mysite\mysite\settings.py changed, reloading.
2024-07-21 08:53:49,132 [INFO] django.utils.autoreload: Watching for file changes with StatReloader
2024-07-21 08:54:08,670 [INFO] django.utils.autoreload: C:\Users\BIRZHAN\PycharmProjects\python_django\mysite\mysite\settings.py changed, reloading.
2024-07-21 08:54:10,066 [INFO] django.utils.autoreload: Watching for file changes with StatReloader
2024-07-21 08:54:20,978 [WARNING] django.request: Not Found: /
2024-07-21 08:54:52,083 [WARNING] django.request: Not Found: /users/1/orders
